{"/Users/frx/@data/Development/x-app/React/frx-react-ts-materialui-nextjs/pages/_app.tsx": {"path":"/Users/frx/@data/Development/x-app/React/frx-react-ts-materialui-nextjs/pages/_app.tsx","statementMap":{"0":{"start":{"line":10,"column":28},"end":{"line":34,"column":1}},"1":{"start":{"line":11,"column":2},"end":{"line":17,"column":9}},"2":{"start":{"line":13,"column":22},"end":{"line":13,"column":64}},"3":{"start":{"line":14,"column":4},"end":{"line":16,"column":5}},"4":{"start":{"line":15,"column":6},"end":{"line":15,"column":55}},"5":{"start":{"line":19,"column":2},"end":{"line":33,"column":4}}},"fnMap":{"0":{"name":"(anonymous_0)","decl":{"start":{"line":10,"column":28},"end":{"line":10,"column":29}},"loc":{"start":{"line":10,"column":68},"end":{"line":34,"column":1}},"line":10},"1":{"name":"(anonymous_1)","decl":{"start":{"line":11,"column":12},"end":{"line":11,"column":13}},"loc":{"start":{"line":11,"column":18},"end":{"line":17,"column":3}},"line":11}},"branchMap":{"0":{"loc":{"start":{"line":14,"column":4},"end":{"line":16,"column":5}},"type":"if","locations":[{"start":{"line":14,"column":4},"end":{"line":16,"column":5}},{"start":{"line":14,"column":4},"end":{"line":16,"column":5}}],"line":14}},"s":{"0":0,"1":0,"2":0,"3":0,"4":0,"5":0},"f":{"0":0,"1":0},"b":{"0":[0,0]}}
,"/Users/frx/@data/Development/x-app/React/frx-react-ts-materialui-nextjs/pages/_document.tsx": {"path":"/Users/frx/@data/Development/x-app/React/frx-react-ts-materialui-nextjs/pages/_document.tsx","statementMap":{"0":{"start":{"line":9,"column":4},"end":{"line":21,"column":6}},"1":{"start":{"line":25,"column":0},"end":{"line":40,"column":2}},"2":{"start":{"line":26,"column":17},"end":{"line":26,"column":40}},"3":{"start":{"line":27,"column":29},"end":{"line":27,"column":43}},"4":{"start":{"line":29,"column":2},"end":{"line":32,"column":7}},"5":{"start":{"line":30,"column":4},"end":{"line":32,"column":6}},"6":{"start":{"line":31,"column":27},"end":{"line":31,"column":72}},"7":{"start":{"line":31,"column":38},"end":{"line":31,"column":72}},"8":{"start":{"line":34,"column":23},"end":{"line":34,"column":58}},"9":{"start":{"line":36,"column":2},"end":{"line":39,"column":4}}},"fnMap":{"0":{"name":"(anonymous_0)","decl":{"start":{"line":8,"column":2},"end":{"line":8,"column":3}},"loc":{"start":{"line":8,"column":11},"end":{"line":22,"column":3}},"line":8},"1":{"name":"(anonymous_1)","decl":{"start":{"line":25,"column":29},"end":{"line":25,"column":30}},"loc":{"start":{"line":25,"column":44},"end":{"line":40,"column":1}},"line":25},"2":{"name":"(anonymous_2)","decl":{"start":{"line":29,"column":19},"end":{"line":29,"column":20}},"loc":{"start":{"line":30,"column":4},"end":{"line":32,"column":6}},"line":30},"3":{"name":"(anonymous_3)","decl":{"start":{"line":31,"column":18},"end":{"line":31,"column":19}},"loc":{"start":{"line":31,"column":27},"end":{"line":31,"column":72}},"line":31},"4":{"name":"(anonymous_4)","decl":{"start":{"line":31,"column":27},"end":{"line":31,"column":28}},"loc":{"start":{"line":31,"column":38},"end":{"line":31,"column":72}},"line":31}},"branchMap":{},"s":{"0":0,"1":0,"2":0,"3":0,"4":0,"5":0,"6":0,"7":0,"8":0,"9":0},"f":{"0":0,"1":0,"2":0,"3":0,"4":0},"b":{}}
,"/Users/frx/@data/Development/x-app/React/frx-react-ts-materialui-nextjs/pages/about.tsx": {"path":"/Users/frx/@data/Development/x-app/React/frx-react-ts-materialui-nextjs/pages/about.tsx","statementMap":{"0":{"start":{"line":6,"column":18},"end":{"line":16,"column":1}},"1":{"start":{"line":7,"column":2},"end":{"line":15,"column":4}}},"fnMap":{"0":{"name":"(anonymous_0)","decl":{"start":{"line":6,"column":18},"end":{"line":6,"column":19}},"loc":{"start":{"line":6,"column":24},"end":{"line":16,"column":1}},"line":6}},"branchMap":{},"s":{"0":0,"1":0},"f":{"0":0},"b":{}}
,"/Users/frx/@data/Development/x-app/React/frx-react-ts-materialui-nextjs/pages/error.tsx": {"path":"/Users/frx/@data/Development/x-app/React/frx-react-ts-materialui-nextjs/pages/error.tsx","statementMap":{"0":{"start":{"line":8,"column":18},"end":{"line":21,"column":1}},"1":{"start":{"line":9,"column":2},"end":{"line":20,"column":4}}},"fnMap":{"0":{"name":"(anonymous_0)","decl":{"start":{"line":8,"column":18},"end":{"line":8,"column":19}},"loc":{"start":{"line":8,"column":24},"end":{"line":21,"column":1}},"line":8}},"branchMap":{},"s":{"0":0,"1":0},"f":{"0":0},"b":{}}
,"/Users/frx/@data/Development/x-app/React/frx-react-ts-materialui-nextjs/pages/index.tsx": {"path":"/Users/frx/@data/Development/x-app/React/frx-react-ts-materialui-nextjs/pages/index.tsx","statementMap":{"0":{"start":{"line":14,"column":22},"end":{"line":93,"column":1}},"1":{"start":{"line":16,"column":28},"end":{"line":16,"column":54}},"2":{"start":{"line":18,"column":34},"end":{"line":18,"column":76}},"3":{"start":{"line":19,"column":36},"end":{"line":19,"column":51}},"4":{"start":{"line":20,"column":34},"end":{"line":20,"column":54}},"5":{"start":{"line":21,"column":44},"end":{"line":21,"column":83}},"6":{"start":{"line":25,"column":2},"end":{"line":29,"column":5}},"7":{"start":{"line":26,"column":4},"end":{"line":26,"column":35}},"8":{"start":{"line":27,"column":4},"end":{"line":27,"column":40}},"9":{"start":{"line":28,"column":4},"end":{"line":28,"column":76}},"10":{"start":{"line":31,"column":2},"end":{"line":35,"column":9}},"11":{"start":{"line":32,"column":4},"end":{"line":34,"column":5}},"12":{"start":{"line":33,"column":6},"end":{"line":33,"column":28}},"13":{"start":{"line":38,"column":25},"end":{"line":48,"column":3}},"14":{"start":{"line":39,"column":4},"end":{"line":39,"column":30}},"15":{"start":{"line":40,"column":4},"end":{"line":40,"column":28}},"16":{"start":{"line":41,"column":4},"end":{"line":41,"column":37}},"17":{"start":{"line":42,"column":4},"end":{"line":42,"column":63}},"18":{"start":{"line":43,"column":4},"end":{"line":43,"column":64}},"19":{"start":{"line":44,"column":4},"end":{"line":44,"column":23}},"20":{"start":{"line":45,"column":19},"end":{"line":45,"column":108}},"21":{"start":{"line":46,"column":4},"end":{"line":46,"column":22}},"22":{"start":{"line":47,"column":4},"end":{"line":47,"column":24}},"23":{"start":{"line":50,"column":23},"end":{"line":72,"column":3}},"24":{"start":{"line":51,"column":6},"end":{"line":51,"column":47}},"25":{"start":{"line":52,"column":6},"end":{"line":52,"column":25}},"26":{"start":{"line":53,"column":21},"end":{"line":53,"column":31}},"27":{"start":{"line":55,"column":6},"end":{"line":67,"column":7}},"28":{"start":{"line":56,"column":30},"end":{"line":61,"column":9}},"29":{"start":{"line":57,"column":10},"end":{"line":60,"column":11}},"30":{"start":{"line":59,"column":12},"end":{"line":59,"column":84}},"31":{"start":{"line":62,"column":8},"end":{"line":62,"column":54}},"32":{"start":{"line":65,"column":26},"end":{"line":65,"column":129}},"33":{"start":{"line":66,"column":8},"end":{"line":66,"column":29}},"34":{"start":{"line":69,"column":6},"end":{"line":69,"column":24}},"35":{"start":{"line":70,"column":6},"end":{"line":70,"column":26}},"36":{"start":{"line":76,"column":2},"end":{"line":92,"column":4}},"37":{"start":{"line":100,"column":34},"end":{"line":121,"column":1}},"38":{"start":{"line":102,"column":17},"end":{"line":102,"column":46}},"39":{"start":{"line":103,"column":2},"end":{"line":110,"column":3}},"40":{"start":{"line":104,"column":4},"end":{"line":109,"column":6}},"41":{"start":{"line":113,"column":2},"end":{"line":120,"column":4}}},"fnMap":{"0":{"name":"(anonymous_0)","decl":{"start":{"line":14,"column":22},"end":{"line":14,"column":23}},"loc":{"start":{"line":14,"column":66},"end":{"line":93,"column":1}},"line":14},"1":{"name":"(anonymous_1)","decl":{"start":{"line":25,"column":12},"end":{"line":25,"column":13}},"loc":{"start":{"line":25,"column":18},"end":{"line":29,"column":3}},"line":25},"2":{"name":"(anonymous_2)","decl":{"start":{"line":31,"column":12},"end":{"line":31,"column":13}},"loc":{"start":{"line":31,"column":18},"end":{"line":35,"column":3}},"line":31},"3":{"name":"(anonymous_3)","decl":{"start":{"line":38,"column":25},"end":{"line":38,"column":26}},"loc":{"start":{"line":38,"column":55},"end":{"line":48,"column":3}},"line":38},"4":{"name":"(anonymous_4)","decl":{"start":{"line":50,"column":23},"end":{"line":50,"column":24}},"loc":{"start":{"line":50,"column":50},"end":{"line":72,"column":3}},"line":50},"5":{"name":"(anonymous_5)","decl":{"start":{"line":56,"column":50},"end":{"line":56,"column":51}},"loc":{"start":{"line":57,"column":10},"end":{"line":60,"column":11}},"line":57},"6":{"name":"(anonymous_6)","decl":{"start":{"line":57,"column":29},"end":{"line":57,"column":30}},"loc":{"start":{"line":59,"column":12},"end":{"line":59,"column":84}},"line":59},"7":{"name":"(anonymous_7)","decl":{"start":{"line":100,"column":34},"end":{"line":100,"column":35}},"loc":{"start":{"line":100,"column":58},"end":{"line":121,"column":1}},"line":100}},"branchMap":{"0":{"loc":{"start":{"line":32,"column":4},"end":{"line":34,"column":5}},"type":"if","locations":[{"start":{"line":32,"column":4},"end":{"line":34,"column":5}},{"start":{"line":32,"column":4},"end":{"line":34,"column":5}}],"line":32},"1":{"loc":{"start":{"line":55,"column":6},"end":{"line":67,"column":7}},"type":"if","locations":[{"start":{"line":55,"column":6},"end":{"line":67,"column":7}},{"start":{"line":55,"column":6},"end":{"line":67,"column":7}}],"line":55},"2":{"loc":{"start":{"line":55,"column":9},"end":{"line":55,"column":38}},"type":"binary-expr","locations":[{"start":{"line":55,"column":9},"end":{"line":55,"column":16}},{"start":{"line":55,"column":20},"end":{"line":55,"column":38}}],"line":55},"3":{"loc":{"start":{"line":103,"column":2},"end":{"line":110,"column":3}},"type":"if","locations":[{"start":{"line":103,"column":2},"end":{"line":110,"column":3}},{"start":{"line":103,"column":2},"end":{"line":110,"column":3}}],"line":103}},"s":{"0":0,"1":0,"2":0,"3":0,"4":0,"5":0,"6":0,"7":0,"8":0,"9":0,"10":0,"11":0,"12":0,"13":0,"14":0,"15":0,"16":0,"17":0,"18":0,"19":0,"20":0,"21":0,"22":0,"23":0,"24":0,"25":0,"26":0,"27":0,"28":0,"29":0,"30":0,"31":0,"32":0,"33":0,"34":0,"35":0,"36":0,"37":0,"38":0,"39":0,"40":0,"41":0},"f":{"0":0,"1":0,"2":0,"3":0,"4":0,"5":0,"6":0,"7":0},"b":{"0":[0,0],"1":[0,0],"2":[0,0],"3":[0,0]}}
,"/Users/frx/@data/Development/x-app/React/frx-react-ts-materialui-nextjs/pages/api/hotels/[id].ts": {"path":"/Users/frx/@data/Development/x-app/React/frx-react-ts-materialui-nextjs/pages/api/hotels/[id].ts","statementMap":{"0":{"start":{"line":11,"column":16},"end":{"line":39,"column":1}},"1":{"start":{"line":14,"column":20},"end":{"line":14,"column":36}},"2":{"start":{"line":15,"column":22},"end":{"line":15,"column":45}},"3":{"start":{"line":18,"column":20},"end":{"line":18,"column":55}},"4":{"start":{"line":19,"column":8},"end":{"line":37,"column":7}},"5":{"start":{"line":20,"column":29},"end":{"line":20,"column":103}},"6":{"start":{"line":20,"column":74},"end":{"line":20,"column":102}},"7":{"start":{"line":21,"column":12},"end":{"line":34,"column":13}},"8":{"start":{"line":22,"column":16},"end":{"line":29,"column":18}},"9":{"start":{"line":31,"column":16},"end":{"line":33,"column":103}},"10":{"start":{"line":35,"column":12},"end":{"line":35,"column":26}}},"fnMap":{"0":{"name":"(anonymous_0)","decl":{"start":{"line":11,"column":16},"end":{"line":11,"column":17}},"loc":{"start":{"line":11,"column":64},"end":{"line":39,"column":1}},"line":11},"1":{"name":"(anonymous_1)","decl":{"start":{"line":19,"column":27},"end":{"line":19,"column":28}},"loc":{"start":{"line":19,"column":40},"end":{"line":37,"column":5}},"line":19},"2":{"name":"(anonymous_2)","decl":{"start":{"line":20,"column":51},"end":{"line":20,"column":52}},"loc":{"start":{"line":20,"column":74},"end":{"line":20,"column":102}},"line":20}},"branchMap":{"0":{"loc":{"start":{"line":21,"column":12},"end":{"line":34,"column":13}},"type":"if","locations":[{"start":{"line":21,"column":12},"end":{"line":34,"column":13}},{"start":{"line":21,"column":12},"end":{"line":34,"column":13}}],"line":21}},"s":{"0":1,"1":4,"2":4,"3":4,"4":4,"5":4,"6":24,"7":4,"8":4,"9":0,"10":4},"f":{"0":4,"1":4,"2":24},"b":{"0":[4,0]},"_coverageSchema":"1a1c01bbd47fc00a2c39e90264f33305004495a9","hash":"46ba52801f4b28f71eafbdd1ec95bff4c87bb356"}
,"/Users/frx/@data/Development/x-app/React/frx-react-ts-materialui-nextjs/pages/api/hotels/index.ts": {"path":"/Users/frx/@data/Development/x-app/React/frx-react-ts-materialui-nextjs/pages/api/hotels/index.ts","statementMap":{"0":{"start":{"line":12,"column":26},"end":{"line":12,"column":58}},"1":{"start":{"line":13,"column":20},"end":{"line":13,"column":70}},"2":{"start":{"line":14,"column":39},"end":{"line":15,"column":36}},"3":{"start":{"line":15,"column":12},"end":{"line":15,"column":32}},"4":{"start":{"line":17,"column":19},"end":{"line":17,"column":61}},"5":{"start":{"line":19,"column":19},"end":{"line":19,"column":84}},"6":{"start":{"line":20,"column":23},"end":{"line":20,"column":44}},"7":{"start":{"line":23,"column":22},"end":{"line":23,"column":101}},"8":{"start":{"line":24,"column":25},"end":{"line":24,"column":48}},"9":{"start":{"line":26,"column":29},"end":{"line":26,"column":47}},"10":{"start":{"line":27,"column":24},"end":{"line":27,"column":35}},"11":{"start":{"line":29,"column":2},"end":{"line":29,"column":31}},"12":{"start":{"line":30,"column":2},"end":{"line":30,"column":33}},"13":{"start":{"line":31,"column":2},"end":{"line":31,"column":34}},"14":{"start":{"line":33,"column":2},"end":{"line":47,"column":5}},"15":{"start":{"line":34,"column":37},"end":{"line":34,"column":96}},"16":{"start":{"line":34,"column":72},"end":{"line":34,"column":92}},"17":{"start":{"line":35,"column":4},"end":{"line":46,"column":5}},"18":{"start":{"line":36,"column":20},"end":{"line":36,"column":38}},"19":{"start":{"line":37,"column":26},"end":{"line":37,"column":55}},"20":{"start":{"line":38,"column":29},"end":{"line":38,"column":61}},"21":{"start":{"line":40,"column":6},"end":{"line":43,"column":8}},"22":{"start":{"line":45,"column":6},"end":{"line":45,"column":25}},"23":{"start":{"line":49,"column":2},"end":{"line":49,"column":27}},"24":{"start":{"line":51,"column":2},"end":{"line":51,"column":60}},"25":{"start":{"line":53,"column":2},"end":{"line":53,"column":32}}},"fnMap":{"0":{"name":"(anonymous_0)","decl":{"start":{"line":7,"column":15},"end":{"line":7,"column":16}},"loc":{"start":{"line":7,"column":66},"end":{"line":56,"column":1}},"line":7},"1":{"name":"(anonymous_1)","decl":{"start":{"line":15,"column":4},"end":{"line":15,"column":5}},"loc":{"start":{"line":15,"column":12},"end":{"line":15,"column":32}},"line":15},"2":{"name":"(anonymous_2)","decl":{"start":{"line":33,"column":23},"end":{"line":33,"column":24}},"loc":{"start":{"line":33,"column":44},"end":{"line":47,"column":3}},"line":33},"3":{"name":"(anonymous_3)","decl":{"start":{"line":34,"column":59},"end":{"line":34,"column":60}},"loc":{"start":{"line":34,"column":72},"end":{"line":34,"column":92}},"line":34}},"branchMap":{"0":{"loc":{"start":{"line":13,"column":20},"end":{"line":13,"column":70}},"type":"cond-expr","locations":[{"start":{"line":13,"column":34},"end":{"line":13,"column":66}},{"start":{"line":13,"column":69},"end":{"line":13,"column":70}}],"line":13},"1":{"loc":{"start":{"line":13,"column":41},"end":{"line":13,"column":65}},"type":"binary-expr","locations":[{"start":{"line":13,"column":41},"end":{"line":13,"column":60}},{"start":{"line":13,"column":64},"end":{"line":13,"column":65}}],"line":13},"2":{"loc":{"start":{"line":17,"column":19},"end":{"line":17,"column":61}},"type":"binary-expr","locations":[{"start":{"line":17,"column":19},"end":{"line":17,"column":37}},{"start":{"line":17,"column":41},"end":{"line":17,"column":61}}],"line":17},"3":{"loc":{"start":{"line":35,"column":4},"end":{"line":46,"column":5}},"type":"if","locations":[{"start":{"line":35,"column":4},"end":{"line":46,"column":5}},{"start":{"line":35,"column":4},"end":{"line":46,"column":5}}],"line":35}},"s":{"0":4,"1":4,"2":4,"3":4,"4":4,"5":4,"6":4,"7":4,"8":4,"9":4,"10":4,"11":4,"12":4,"13":4,"14":4,"15":24,"16":180,"17":24,"18":22,"19":22,"20":22,"21":22,"22":2,"23":4,"24":4,"25":4},"f":{"0":4,"1":4,"2":24,"3":180},"b":{"0":[4,0],"1":[4,0],"2":[4,0],"3":[22,2]},"_coverageSchema":"1a1c01bbd47fc00a2c39e90264f33305004495a9","hash":"c196f6aa77ef03873e1cc68f808066cd0e466f7f"}
,"/Users/frx/@data/Development/x-app/React/frx-react-ts-materialui-nextjs/pages/hotel/[id]/index.tsx": {"path":"/Users/frx/@data/Development/x-app/React/frx-react-ts-materialui-nextjs/pages/hotel/[id]/index.tsx","statementMap":{"0":{"start":{"line":19,"column":23},"end":{"line":61,"column":1}},"1":{"start":{"line":21,"column":32},"end":{"line":21,"column":46}},"2":{"start":{"line":23,"column":16},"end":{"line":23,"column":37}},"3":{"start":{"line":24,"column":2},"end":{"line":59,"column":3}},"4":{"start":{"line":65,"column":34},"end":{"line":82,"column":1}},"5":{"start":{"line":67,"column":18},"end":{"line":67,"column":35}},"6":{"start":{"line":68,"column":22},"end":{"line":68,"column":73}},"7":{"start":{"line":69,"column":20},"end":{"line":69,"column":97}},"8":{"start":{"line":70,"column":19},"end":{"line":70,"column":131}},"9":{"start":{"line":71,"column":17},"end":{"line":71,"column":91}},"10":{"start":{"line":72,"column":17},"end":{"line":72,"column":52}},"11":{"start":{"line":74,"column":2},"end":{"line":81,"column":4}},"12":{"start":{"line":91,"column":33},"end":{"line":105,"column":3}},"13":{"start":{"line":92,"column":20},"end":{"line":92,"column":37}},"14":{"start":{"line":93,"column":22},"end":{"line":93,"column":51}},"15":{"start":{"line":94,"column":21},"end":{"line":94,"column":86}},"16":{"start":{"line":95,"column":19},"end":{"line":95,"column":93}},"17":{"start":{"line":96,"column":19},"end":{"line":96,"column":54}},"18":{"start":{"line":97,"column":4},"end":{"line":104,"column":6}},"19":{"start":{"line":113,"column":35},"end":{"line":123,"column":3}},"20":{"start":{"line":114,"column":20},"end":{"line":114,"column":62}},"21":{"start":{"line":116,"column":16},"end":{"line":116,"column":72}},"22":{"start":{"line":116,"column":63},"end":{"line":116,"column":71}},"23":{"start":{"line":117,"column":18},"end":{"line":117,"column":89}},"24":{"start":{"line":117,"column":53},"end":{"line":117,"column":87}},"25":{"start":{"line":119,"column":4},"end":{"line":122,"column":6}}},"fnMap":{"0":{"name":"(anonymous_0)","decl":{"start":{"line":19,"column":23},"end":{"line":19,"column":24}},"loc":{"start":{"line":19,"column":42},"end":{"line":61,"column":1}},"line":19},"1":{"name":"(anonymous_1)","decl":{"start":{"line":65,"column":34},"end":{"line":65,"column":35}},"loc":{"start":{"line":65,"column":53},"end":{"line":82,"column":1}},"line":65},"2":{"name":"(anonymous_2)","decl":{"start":{"line":91,"column":33},"end":{"line":91,"column":34}},"loc":{"start":{"line":91,"column":57},"end":{"line":105,"column":3}},"line":91},"3":{"name":"(anonymous_3)","decl":{"start":{"line":113,"column":35},"end":{"line":113,"column":36}},"loc":{"start":{"line":113,"column":59},"end":{"line":123,"column":3}},"line":113},"4":{"name":"(anonymous_4)","decl":{"start":{"line":116,"column":40},"end":{"line":116,"column":41}},"loc":{"start":{"line":116,"column":63},"end":{"line":116,"column":71}},"line":116},"5":{"name":"(anonymous_5)","decl":{"start":{"line":117,"column":26},"end":{"line":117,"column":27}},"loc":{"start":{"line":117,"column":53},"end":{"line":117,"column":87}},"line":117}},"branchMap":{"0":{"loc":{"start":{"line":47,"column":54},"end":{"line":47,"column":77}},"type":"binary-expr","locations":[{"start":{"line":47,"column":54},"end":{"line":47,"column":71}},{"start":{"line":47,"column":75},"end":{"line":47,"column":77}}],"line":47},"1":{"loc":{"start":{"line":68,"column":22},"end":{"line":68,"column":73}},"type":"binary-expr","locations":[{"start":{"line":68,"column":22},"end":{"line":68,"column":60}},{"start":{"line":68,"column":64},"end":{"line":68,"column":73}}],"line":68},"2":{"loc":{"start":{"line":69,"column":20},"end":{"line":69,"column":97}},"type":"cond-expr","locations":[{"start":{"line":69,"column":36},"end":{"line":69,"column":61}},{"start":{"line":69,"column":65},"end":{"line":69,"column":95}}],"line":69},"3":{"loc":{"start":{"line":69,"column":65},"end":{"line":69,"column":95}},"type":"binary-expr","locations":[{"start":{"line":69,"column":65},"end":{"line":69,"column":90}},{"start":{"line":69,"column":94},"end":{"line":69,"column":95}}],"line":69},"4":{"loc":{"start":{"line":70,"column":19},"end":{"line":70,"column":131}},"type":"cond-expr","locations":[{"start":{"line":70,"column":35},"end":{"line":70,"column":60}},{"start":{"line":70,"column":64},"end":{"line":70,"column":130}}],"line":70},"5":{"loc":{"start":{"line":70,"column":64},"end":{"line":70,"column":130}},"type":"binary-expr","locations":[{"start":{"line":70,"column":64},"end":{"line":70,"column":88}},{"start":{"line":70,"column":92},"end":{"line":70,"column":130}}],"line":70},"6":{"loc":{"start":{"line":93,"column":22},"end":{"line":93,"column":51}},"type":"binary-expr","locations":[{"start":{"line":93,"column":22},"end":{"line":93,"column":46}},{"start":{"line":93,"column":50},"end":{"line":93,"column":51}}],"line":93},"7":{"loc":{"start":{"line":94,"column":21},"end":{"line":94,"column":86}},"type":"binary-expr","locations":[{"start":{"line":94,"column":21},"end":{"line":94,"column":44}},{"start":{"line":94,"column":48},"end":{"line":94,"column":86}}],"line":94}},"s":{"0":0,"1":0,"2":0,"3":0,"4":0,"5":0,"6":0,"7":0,"8":0,"9":0,"10":0,"11":0,"12":0,"13":0,"14":0,"15":0,"16":0,"17":0,"18":0,"19":0,"20":0,"21":0,"22":0,"23":0,"24":0,"25":0},"f":{"0":0,"1":0,"2":0,"3":0,"4":0,"5":0},"b":{"0":[0,0],"1":[0,0],"2":[0,0],"3":[0,0],"4":[0,0],"5":[0,0],"6":[0,0],"7":[0,0]}}
,"/Users/frx/@data/Development/x-app/React/frx-react-ts-materialui-nextjs/src/components/CurrencySelector.tsx": {"path":"/Users/frx/@data/Development/x-app/React/frx-react-ts-materialui-nextjs/src/components/CurrencySelector.tsx","statementMap":{"0":{"start":{"line":10,"column":18},"end":{"line":21,"column":1}},"1":{"start":{"line":11,"column":2},"end":{"line":20,"column":4}},"2":{"start":{"line":27,"column":36},"end":{"line":62,"column":1}},"3":{"start":{"line":28,"column":20},"end":{"line":28,"column":31}},"4":{"start":{"line":29,"column":36},"end":{"line":29,"column":61}},"5":{"start":{"line":30,"column":23},"end":{"line":30,"column":61}},"6":{"start":{"line":32,"column":25},"end":{"line":35,"column":5}},"7":{"start":{"line":33,"column":8},"end":{"line":33,"column":50}},"8":{"start":{"line":34,"column":8},"end":{"line":34,"column":45}},"9":{"start":{"line":37,"column":4},"end":{"line":61,"column":5}}},"fnMap":{"0":{"name":"(anonymous_0)","decl":{"start":{"line":10,"column":29},"end":{"line":10,"column":30}},"loc":{"start":{"line":11,"column":2},"end":{"line":20,"column":4}},"line":11},"1":{"name":"(anonymous_1)","decl":{"start":{"line":27,"column":36},"end":{"line":27,"column":37}},"loc":{"start":{"line":27,"column":67},"end":{"line":62,"column":1}},"line":27},"2":{"name":"(anonymous_2)","decl":{"start":{"line":32,"column":25},"end":{"line":32,"column":26}},"loc":{"start":{"line":32,"column":75},"end":{"line":35,"column":5}},"line":32}},"branchMap":{},"s":{"0":0,"1":0,"2":0,"3":0,"4":0,"5":0,"6":0,"7":0,"8":0,"9":0},"f":{"0":0,"1":0,"2":0},"b":{}}
,"/Users/frx/@data/Development/x-app/React/frx-react-ts-materialui-nextjs/src/components/Header.tsx": {"path":"/Users/frx/@data/Development/x-app/React/frx-react-ts-materialui-nextjs/src/components/Header.tsx","statementMap":{"0":{"start":{"line":4,"column":19},"end":{"line":15,"column":3}},"1":{"start":{"line":5,"column":4},"end":{"line":14,"column":5}}},"fnMap":{"0":{"name":"(anonymous_0)","decl":{"start":{"line":4,"column":19},"end":{"line":4,"column":20}},"loc":{"start":{"line":4,"column":25},"end":{"line":15,"column":3}},"line":4}},"branchMap":{},"s":{"0":1,"1":1},"f":{"0":1},"b":{},"_coverageSchema":"1a1c01bbd47fc00a2c39e90264f33305004495a9","hash":"38e07ef22abf02d544e9df441611be738a55c219"}
,"/Users/frx/@data/Development/x-app/React/frx-react-ts-materialui-nextjs/src/components/HotelCompetitors.tsx": {"path":"/Users/frx/@data/Development/x-app/React/frx-react-ts-materialui-nextjs/src/components/HotelCompetitors.tsx","statementMap":{"0":{"start":{"line":15,"column":18},"end":{"line":33,"column":1}},"1":{"start":{"line":16,"column":2},"end":{"line":32,"column":4}},"2":{"start":{"line":36,"column":36},"end":{"line":73,"column":1}},"3":{"start":{"line":37,"column":18},"end":{"line":37,"column":29}},"4":{"start":{"line":38,"column":18},"end":{"line":40,"column":3}},"5":{"start":{"line":39,"column":4},"end":{"line":39,"column":65}},"6":{"start":{"line":41,"column":21},"end":{"line":43,"column":3}},"7":{"start":{"line":42,"column":5},"end":{"line":42,"column":69}},"8":{"start":{"line":45,"column":2},"end":{"line":70,"column":3}},"9":{"start":{"line":57,"column":22},"end":{"line":65,"column":28}}},"fnMap":{"0":{"name":"(anonymous_0)","decl":{"start":{"line":15,"column":29},"end":{"line":15,"column":30}},"loc":{"start":{"line":16,"column":2},"end":{"line":32,"column":4}},"line":16},"1":{"name":"(anonymous_1)","decl":{"start":{"line":36,"column":36},"end":{"line":36,"column":37}},"loc":{"start":{"line":36,"column":60},"end":{"line":73,"column":1}},"line":36},"2":{"name":"(anonymous_2)","decl":{"start":{"line":38,"column":18},"end":{"line":38,"column":19}},"loc":{"start":{"line":38,"column":38},"end":{"line":40,"column":3}},"line":38},"3":{"name":"(anonymous_3)","decl":{"start":{"line":41,"column":21},"end":{"line":41,"column":22}},"loc":{"start":{"line":41,"column":40},"end":{"line":43,"column":3}},"line":41},"4":{"name":"(anonymous_4)","decl":{"start":{"line":56,"column":60},"end":{"line":56,"column":61}},"loc":{"start":{"line":57,"column":22},"end":{"line":65,"column":28}},"line":57}},"branchMap":{"0":{"loc":{"start":{"line":53,"column":18},"end":{"line":53,"column":83}},"type":"cond-expr","locations":[{"start":{"line":53,"column":64},"end":{"line":53,"column":66}},{"start":{"line":53,"column":69},"end":{"line":53,"column":83}}],"line":53},"1":{"loc":{"start":{"line":60,"column":39},"end":{"line":60,"column":189}},"type":"cond-expr","locations":[{"start":{"line":60,"column":59},"end":{"line":60,"column":159}},{"start":{"line":60,"column":162},"end":{"line":60,"column":189}}],"line":60},"2":{"loc":{"start":{"line":62,"column":28},"end":{"line":63,"column":94}},"type":"cond-expr","locations":[{"start":{"line":62,"column":51},"end":{"line":62,"column":199}},{"start":{"line":63,"column":28},"end":{"line":63,"column":94}}],"line":62}},"s":{"0":0,"1":0,"2":0,"3":0,"4":0,"5":0,"6":0,"7":0,"8":0,"9":0},"f":{"0":0,"1":0,"2":0,"3":0,"4":0},"b":{"0":[0,0],"1":[0,0],"2":[0,0]}}
,"/Users/frx/@data/Development/x-app/React/frx-react-ts-materialui-nextjs/src/components/HotelList.tsx": {"path":"/Users/frx/@data/Development/x-app/React/frx-react-ts-materialui-nextjs/src/components/HotelList.tsx","statementMap":{"0":{"start":{"line":5,"column":34},"end":{"line":13,"column":1}},"1":{"start":{"line":6,"column":4},"end":{"line":12,"column":5}},"2":{"start":{"line":9,"column":16},"end":{"line":9,"column":78}}},"fnMap":{"0":{"name":"(anonymous_0)","decl":{"start":{"line":5,"column":34},"end":{"line":5,"column":35}},"loc":{"start":{"line":5,"column":56},"end":{"line":13,"column":1}},"line":5},"1":{"name":"(anonymous_1)","decl":{"start":{"line":8,"column":30},"end":{"line":8,"column":31}},"loc":{"start":{"line":9,"column":16},"end":{"line":9,"column":78}},"line":9}},"branchMap":{},"s":{"0":0,"1":0,"2":0},"f":{"0":0,"1":0},"b":{}}
,"/Users/frx/@data/Development/x-app/React/frx-react-ts-materialui-nextjs/src/components/HotelPriceTaxFees.tsx": {"path":"/Users/frx/@data/Development/x-app/React/frx-react-ts-materialui-nextjs/src/components/HotelPriceTaxFees.tsx","statementMap":{"0":{"start":{"line":11,"column":37},"end":{"line":21,"column":1}},"1":{"start":{"line":12,"column":4},"end":{"line":20,"column":5}}},"fnMap":{"0":{"name":"(anonymous_0)","decl":{"start":{"line":11,"column":37},"end":{"line":11,"column":38}},"loc":{"start":{"line":11,"column":59},"end":{"line":21,"column":1}},"line":11}},"branchMap":{"0":{"loc":{"start":{"line":14,"column":15},"end":{"line":14,"column":152}},"type":"cond-expr","locations":[{"start":{"line":14,"column":28},"end":{"line":14,"column":127}},{"start":{"line":14,"column":131},"end":{"line":14,"column":152}}],"line":14},"1":{"loc":{"start":{"line":16,"column":14},"end":{"line":17,"column":142}},"type":"cond-expr","locations":[{"start":{"line":16,"column":38},"end":{"line":17,"column":128}},{"start":{"line":17,"column":131},"end":{"line":17,"column":142}}],"line":16},"2":{"loc":{"start":{"line":16,"column":54},"end":{"line":16,"column":130}},"type":"cond-expr","locations":[{"start":{"line":16,"column":84},"end":{"line":16,"column":122}},{"start":{"line":16,"column":125},"end":{"line":16,"column":130}}],"line":16},"3":{"loc":{"start":{"line":17,"column":24},"end":{"line":17,"column":114}},"type":"cond-expr","locations":[{"start":{"line":17,"column":61},"end":{"line":17,"column":106}},{"start":{"line":17,"column":109},"end":{"line":17,"column":114}}],"line":17}},"s":{"0":0,"1":0},"f":{"0":0},"b":{"0":[0,0],"1":[0,0],"2":[0,0],"3":[0,0]}}
,"/Users/frx/@data/Development/x-app/React/frx-react-ts-materialui-nextjs/src/components/HotelStarRatings.tsx": {"path":"/Users/frx/@data/Development/x-app/React/frx-react-ts-materialui-nextjs/src/components/HotelStarRatings.tsx","statementMap":{"0":{"start":{"line":9,"column":21},"end":{"line":16,"column":12}},"1":{"start":{"line":22,"column":36},"end":{"line":42,"column":1}},"2":{"start":{"line":23,"column":4},"end":{"line":41,"column":5}},"3":{"start":{"line":33,"column":45},"end":{"line":33,"column":86}}},"fnMap":{"0":{"name":"(anonymous_0)","decl":{"start":{"line":22,"column":36},"end":{"line":22,"column":37}},"loc":{"start":{"line":22,"column":48},"end":{"line":42,"column":1}},"line":22},"1":{"name":"(anonymous_1)","decl":{"start":{"line":33,"column":26},"end":{"line":33,"column":27}},"loc":{"start":{"line":33,"column":45},"end":{"line":33,"column":86}},"line":33}},"branchMap":{"0":{"loc":{"start":{"line":33,"column":62},"end":{"line":33,"column":84}},"type":"cond-expr","locations":[{"start":{"line":33,"column":76},"end":{"line":33,"column":79}},{"start":{"line":33,"column":82},"end":{"line":33,"column":84}}],"line":33}},"s":{"0":0,"1":0,"2":0,"3":0},"f":{"0":0,"1":0},"b":{"0":[0,0]}}
,"/Users/frx/@data/Development/x-app/React/frx-react-ts-materialui-nextjs/src/components/HotelTable.tsx": {"path":"/Users/frx/@data/Development/x-app/React/frx-react-ts-materialui-nextjs/src/components/HotelTable.tsx","statementMap":{"0":{"start":{"line":23,"column":30},"end":{"line":28,"column":1}},"1":{"start":{"line":30,"column":18},"end":{"line":93,"column":3}},"2":{"start":{"line":30,"column":48},"end":{"line":93,"column":1}},"3":{"start":{"line":95,"column":46},"end":{"line":134,"column":1}},"4":{"start":{"line":96,"column":53},"end":{"line":96,"column":58}},"5":{"start":{"line":97,"column":28},"end":{"line":99,"column":3}},"6":{"start":{"line":97,"column":60},"end":{"line":99,"column":3}},"7":{"start":{"line":98,"column":4},"end":{"line":98,"column":35}},"8":{"start":{"line":101,"column":2},"end":{"line":133,"column":4}},"9":{"start":{"line":109,"column":10},"end":{"line":129,"column":22}},"10":{"start":{"line":137,"column":28},"end":{"line":314,"column":1}},"11":{"start":{"line":138,"column":28},"end":{"line":138,"column":50}},"12":{"start":{"line":139,"column":32},"end":{"line":139,"column":67}},"13":{"start":{"line":140,"column":26},"end":{"line":140,"column":37}},"14":{"start":{"line":141,"column":36},"end":{"line":141,"column":51}},"15":{"start":{"line":142,"column":42},"end":{"line":142,"column":62}},"16":{"start":{"line":143,"column":30},"end":{"line":143,"column":58}},"17":{"start":{"line":144,"column":40},"end":{"line":144,"column":51}},"18":{"start":{"line":145,"column":18},"end":{"line":145,"column":29}},"19":{"start":{"line":146,"column":2},"end":{"line":148,"column":5}},"20":{"start":{"line":147,"column":4},"end":{"line":147,"column":27}},"21":{"start":{"line":150,"column":22},"end":{"line":153,"column":3}},"22":{"start":{"line":151,"column":4},"end":{"line":151,"column":29}},"23":{"start":{"line":152,"column":4},"end":{"line":152,"column":25}},"24":{"start":{"line":155,"column":27},"end":{"line":157,"column":3}},"25":{"start":{"line":156,"column":4},"end":{"line":156,"column":21}},"26":{"start":{"line":160,"column":28},"end":{"line":164,"column":3}},"27":{"start":{"line":161,"column":18},"end":{"line":161,"column":57}},"28":{"start":{"line":162,"column":4},"end":{"line":162,"column":37}},"29":{"start":{"line":163,"column":4},"end":{"line":163,"column":25}},"30":{"start":{"line":166,"column":34},"end":{"line":169,"column":3}},"31":{"start":{"line":167,"column":4},"end":{"line":167,"column":53}},"32":{"start":{"line":168,"column":4},"end":{"line":168,"column":15}},"33":{"start":{"line":171,"column":28},"end":{"line":190,"column":2}},"34":{"start":{"line":172,"column":30},"end":{"line":172,"column":32}},"35":{"start":{"line":173,"column":4},"end":{"line":173,"column":32}},"36":{"start":{"line":173,"column":23},"end":{"line":173,"column":32}},"37":{"start":{"line":175,"column":4},"end":{"line":182,"column":5}},"38":{"start":{"line":177,"column":6},"end":{"line":181,"column":9}},"39":{"start":{"line":178,"column":8},"end":{"line":180,"column":9}},"40":{"start":{"line":179,"column":10},"end":{"line":179,"column":39}},"41":{"start":{"line":183,"column":16},"end":{"line":183,"column":65}},"42":{"start":{"line":184,"column":20},"end":{"line":184,"column":55}},"43":{"start":{"line":185,"column":20},"end":{"line":185,"column":33}},"44":{"start":{"line":186,"column":17},"end":{"line":186,"column":34}},"45":{"start":{"line":187,"column":18},"end":{"line":187,"column":65}},"46":{"start":{"line":189,"column":4},"end":{"line":189,"column":64}},"47":{"start":{"line":193,"column":2},"end":{"line":313,"column":4}},"48":{"start":{"line":211,"column":18},"end":{"line":286,"column":20}},"49":{"start":{"line":265,"column":47},"end":{"line":265,"column":93}},"50":{"start":{"line":302,"column":37},"end":{"line":302,"column":72}}},"fnMap":{"0":{"name":"(anonymous_0)","decl":{"start":{"line":30,"column":29},"end":{"line":30,"column":30}},"loc":{"start":{"line":30,"column":48},"end":{"line":93,"column":1}},"line":30},"1":{"name":"(anonymous_1)","decl":{"start":{"line":95,"column":46},"end":{"line":95,"column":47}},"loc":{"start":{"line":95,"column":75},"end":{"line":134,"column":1}},"line":95},"2":{"name":"(anonymous_2)","decl":{"start":{"line":97,"column":28},"end":{"line":97,"column":29}},"loc":{"start":{"line":97,"column":60},"end":{"line":99,"column":3}},"line":97},"3":{"name":"(anonymous_3)","decl":{"start":{"line":97,"column":60},"end":{"line":97,"column":61}},"loc":{"start":{"line":97,"column":98},"end":{"line":99,"column":3}},"line":97},"4":{"name":"(anonymous_4)","decl":{"start":{"line":108,"column":23},"end":{"line":108,"column":24}},"loc":{"start":{"line":109,"column":10},"end":{"line":129,"column":22}},"line":109},"5":{"name":"(anonymous_5)","decl":{"start":{"line":137,"column":28},"end":{"line":137,"column":29}},"loc":{"start":{"line":137,"column":48},"end":{"line":314,"column":1}},"line":137},"6":{"name":"(anonymous_6)","decl":{"start":{"line":146,"column":12},"end":{"line":146,"column":13}},"loc":{"start":{"line":146,"column":18},"end":{"line":148,"column":3}},"line":146},"7":{"name":"(anonymous_7)","decl":{"start":{"line":150,"column":22},"end":{"line":150,"column":23}},"loc":{"start":{"line":150,"column":67},"end":{"line":153,"column":3}},"line":150},"8":{"name":"(anonymous_8)","decl":{"start":{"line":155,"column":27},"end":{"line":155,"column":28}},"loc":{"start":{"line":155,"column":64},"end":{"line":157,"column":3}},"line":155},"9":{"name":"(anonymous_9)","decl":{"start":{"line":160,"column":28},"end":{"line":160,"column":29}},"loc":{"start":{"line":160,"column":94},"end":{"line":164,"column":3}},"line":160},"10":{"name":"(anonymous_10)","decl":{"start":{"line":166,"column":34},"end":{"line":166,"column":35}},"loc":{"start":{"line":166,"column":82},"end":{"line":169,"column":3}},"line":166},"11":{"name":"(anonymous_11)","decl":{"start":{"line":171,"column":28},"end":{"line":171,"column":29}},"loc":{"start":{"line":171,"column":93},"end":{"line":190,"column":2}},"line":171},"12":{"name":"(anonymous_12)","decl":{"start":{"line":177,"column":38},"end":{"line":177,"column":39}},"loc":{"start":{"line":177,"column":45},"end":{"line":181,"column":7}},"line":177},"13":{"name":"(anonymous_13)","decl":{"start":{"line":210,"column":126},"end":{"line":210,"column":127}},"loc":{"start":{"line":210,"column":147},"end":{"line":287,"column":17}},"line":210},"14":{"name":"(anonymous_14)","decl":{"start":{"line":265,"column":43},"end":{"line":265,"column":44}},"loc":{"start":{"line":265,"column":47},"end":{"line":265,"column":93}},"line":265},"15":{"name":"(anonymous_15)","decl":{"start":{"line":302,"column":33},"end":{"line":302,"column":34}},"loc":{"start":{"line":302,"column":37},"end":{"line":302,"column":72}},"line":302}},"branchMap":{"0":{"loc":{"start":{"line":112,"column":21},"end":{"line":112,"column":65}},"type":"cond-expr","locations":[{"start":{"line":112,"column":47},"end":{"line":112,"column":53}},{"start":{"line":112,"column":56},"end":{"line":112,"column":65}}],"line":112},"1":{"loc":{"start":{"line":113,"column":27},"end":{"line":113,"column":66}},"type":"cond-expr","locations":[{"start":{"line":113,"column":53},"end":{"line":113,"column":58}},{"start":{"line":113,"column":61},"end":{"line":113,"column":66}}],"line":113},"2":{"loc":{"start":{"line":115,"column":72},"end":{"line":115,"column":111}},"type":"cond-expr","locations":[{"start":{"line":115,"column":98},"end":{"line":115,"column":103}},{"start":{"line":115,"column":106},"end":{"line":115,"column":111}}],"line":115},"3":{"loc":{"start":{"line":121,"column":15},"end":{"line":125,"column":22}},"type":"cond-expr","locations":[{"start":{"line":122,"column":16},"end":{"line":124,"column":23}},{"start":{"line":125,"column":18},"end":{"line":125,"column":22}}],"line":121},"4":{"loc":{"start":{"line":123,"column":19},"end":{"line":123,"column":78}},"type":"cond-expr","locations":[{"start":{"line":123,"column":38},"end":{"line":123,"column":57}},{"start":{"line":123,"column":60},"end":{"line":123,"column":78}}],"line":123},"5":{"loc":{"start":{"line":161,"column":18},"end":{"line":161,"column":57}},"type":"binary-expr","locations":[{"start":{"line":161,"column":18},"end":{"line":161,"column":38}},{"start":{"line":161,"column":42},"end":{"line":161,"column":57}}],"line":161},"6":{"loc":{"start":{"line":162,"column":13},"end":{"line":162,"column":35}},"type":"cond-expr","locations":[{"start":{"line":162,"column":21},"end":{"line":162,"column":27}},{"start":{"line":162,"column":30},"end":{"line":162,"column":35}}],"line":162},"7":{"loc":{"start":{"line":173,"column":4},"end":{"line":173,"column":32}},"type":"if","locations":[{"start":{"line":173,"column":4},"end":{"line":173,"column":32}},{"start":{"line":173,"column":4},"end":{"line":173,"column":32}}],"line":173},"8":{"loc":{"start":{"line":175,"column":4},"end":{"line":182,"column":5}},"type":"if","locations":[{"start":{"line":175,"column":4},"end":{"line":182,"column":5}},{"start":{"line":175,"column":4},"end":{"line":182,"column":5}}],"line":175},"9":{"loc":{"start":{"line":178,"column":8},"end":{"line":180,"column":9}},"type":"if","locations":[{"start":{"line":178,"column":8},"end":{"line":180,"column":9}},{"start":{"line":178,"column":8},"end":{"line":180,"column":9}}],"line":178},"10":{"loc":{"start":{"line":183,"column":16},"end":{"line":183,"column":65}},"type":"cond-expr","locations":[{"start":{"line":183,"column":39},"end":{"line":183,"column":61}},{"start":{"line":183,"column":64},"end":{"line":183,"column":65}}],"line":183},"11":{"loc":{"start":{"line":189,"column":11},"end":{"line":189,"column":63}},"type":"cond-expr","locations":[{"start":{"line":189,"column":35},"end":{"line":189,"column":58}},{"start":{"line":189,"column":62},"end":{"line":189,"column":63}}],"line":189},"12":{"loc":{"start":{"line":189,"column":35},"end":{"line":189,"column":58}},"type":"cond-expr","locations":[{"start":{"line":189,"column":49},"end":{"line":189,"column":50}},{"start":{"line":189,"column":53},"end":{"line":189,"column":58}}],"line":189},"13":{"loc":{"start":{"line":200,"column":10},"end":{"line":307,"column":25}},"type":"cond-expr","locations":[{"start":{"line":202,"column":10},"end":{"line":295,"column":25}},{"start":{"line":299,"column":8},"end":{"line":307,"column":25}}],"line":200},"14":{"loc":{"start":{"line":200,"column":11},"end":{"line":200,"column":51}},"type":"binary-expr","locations":[{"start":{"line":200,"column":11},"end":{"line":200,"column":17}},{"start":{"line":200,"column":21},"end":{"line":200,"column":51}}],"line":200},"15":{"loc":{"start":{"line":250,"column":39},"end":{"line":250,"column":118}},"type":"cond-expr","locations":[{"start":{"line":250,"column":57},"end":{"line":250,"column":113}},{"start":{"line":250,"column":116},"end":{"line":250,"column":118}}],"line":250},"16":{"loc":{"start":{"line":275,"column":30},"end":{"line":277,"column":37}},"type":"cond-expr","locations":[{"start":{"line":275,"column":98},"end":{"line":275,"column":111}},{"start":{"line":276,"column":30},"end":{"line":277,"column":37}}],"line":275},"17":{"loc":{"start":{"line":275,"column":30},"end":{"line":275,"column":95}},"type":"binary-expr","locations":[{"start":{"line":275,"column":30},"end":{"line":275,"column":46}},{"start":{"line":275,"column":50},"end":{"line":275,"column":95}}],"line":275}},"s":{"0":0,"1":0,"2":0,"3":0,"4":0,"5":0,"6":0,"7":0,"8":0,"9":0,"10":0,"11":0,"12":0,"13":0,"14":0,"15":0,"16":0,"17":0,"18":0,"19":0,"20":0,"21":0,"22":0,"23":0,"24":0,"25":0,"26":0,"27":0,"28":0,"29":0,"30":0,"31":0,"32":0,"33":0,"34":0,"35":0,"36":0,"37":0,"38":0,"39":0,"40":0,"41":0,"42":0,"43":0,"44":0,"45":0,"46":0,"47":0,"48":0,"49":0,"50":0},"f":{"0":0,"1":0,"2":0,"3":0,"4":0,"5":0,"6":0,"7":0,"8":0,"9":0,"10":0,"11":0,"12":0,"13":0,"14":0,"15":0},"b":{"0":[0,0],"1":[0,0],"2":[0,0],"3":[0,0],"4":[0,0],"5":[0,0],"6":[0,0],"7":[0,0],"8":[0,0],"9":[0,0],"10":[0,0],"11":[0,0],"12":[0,0],"13":[0,0],"14":[0,0],"15":[0,0],"16":[0,0],"17":[0,0]}}
,"/Users/frx/@data/Development/x-app/React/frx-react-ts-materialui-nextjs/src/components/Layout.tsx": {"path":"/Users/frx/@data/Development/x-app/React/frx-react-ts-materialui-nextjs/src/components/Layout.tsx","statementMap":{"0":{"start":{"line":7,"column":19},"end":{"line":20,"column":1}},"1":{"start":{"line":8,"column":4},"end":{"line":19,"column":5}}},"fnMap":{"0":{"name":"(anonymous_0)","decl":{"start":{"line":7,"column":19},"end":{"line":7,"column":20}},"loc":{"start":{"line":7,"column":35},"end":{"line":20,"column":1}},"line":7}},"branchMap":{},"s":{"0":1,"1":1},"f":{"0":1},"b":{},"_coverageSchema":"1a1c01bbd47fc00a2c39e90264f33305004495a9","hash":"e50c63cf647b9df6ac56a73d6dc297fa1a8f7509"}
,"/Users/frx/@data/Development/x-app/React/frx-react-ts-materialui-nextjs/src/components/LoaderModal.tsx": {"path":"/Users/frx/@data/Development/x-app/React/frx-react-ts-materialui-nextjs/src/components/LoaderModal.tsx","statementMap":{"0":{"start":{"line":13,"column":18},"end":{"line":28,"column":1}},"1":{"start":{"line":14,"column":2},"end":{"line":27,"column":4}},"2":{"start":{"line":29,"column":31},"end":{"line":66,"column":1}},"3":{"start":{"line":31,"column":18},"end":{"line":31,"column":29}},"4":{"start":{"line":32,"column":28},"end":{"line":32,"column":49}},"5":{"start":{"line":34,"column":21},"end":{"line":36,"column":3}},"6":{"start":{"line":35,"column":4},"end":{"line":35,"column":19}},"7":{"start":{"line":38,"column":22},"end":{"line":40,"column":3}},"8":{"start":{"line":39,"column":4},"end":{"line":39,"column":20}},"9":{"start":{"line":42,"column":4},"end":{"line":65,"column":5}}},"fnMap":{"0":{"name":"(anonymous_0)","decl":{"start":{"line":13,"column":29},"end":{"line":13,"column":30}},"loc":{"start":{"line":14,"column":2},"end":{"line":27,"column":4}},"line":14},"1":{"name":"(anonymous_1)","decl":{"start":{"line":29,"column":31},"end":{"line":29,"column":32}},"loc":{"start":{"line":29,"column":52},"end":{"line":66,"column":1}},"line":29},"2":{"name":"(anonymous_2)","decl":{"start":{"line":34,"column":21},"end":{"line":34,"column":22}},"loc":{"start":{"line":34,"column":27},"end":{"line":36,"column":3}},"line":34},"3":{"name":"(anonymous_3)","decl":{"start":{"line":38,"column":22},"end":{"line":38,"column":23}},"loc":{"start":{"line":38,"column":28},"end":{"line":40,"column":3}},"line":38}},"branchMap":{},"s":{"0":0,"1":0,"2":0,"3":0,"4":0,"5":0,"6":0,"7":0,"8":0,"9":0},"f":{"0":0,"1":0,"2":0,"3":0},"b":{}}
,"/Users/frx/@data/Development/x-app/React/frx-react-ts-materialui-nextjs/src/components/Meta.tsx": {"path":"/Users/frx/@data/Development/x-app/React/frx-react-ts-materialui-nextjs/src/components/Meta.tsx","statementMap":{"0":{"start":{"line":9,"column":27},"end":{"line":20,"column":3}},"1":{"start":{"line":10,"column":4},"end":{"line":19,"column":5}}},"fnMap":{"0":{"name":"(anonymous_0)","decl":{"start":{"line":9,"column":27},"end":{"line":9,"column":28}},"loc":{"start":{"line":9,"column":47},"end":{"line":20,"column":3}},"line":9}},"branchMap":{},"s":{"0":1,"1":1},"f":{"0":1},"b":{},"_coverageSchema":"1a1c01bbd47fc00a2c39e90264f33305004495a9","hash":"49e1fd659a42a7019841ac83531434a51657ed30"}
,"/Users/frx/@data/Development/x-app/React/frx-react-ts-materialui-nextjs/src/components/Nav.tsx": {"path":"/Users/frx/@data/Development/x-app/React/frx-react-ts-materialui-nextjs/src/components/Nav.tsx","statementMap":{"0":{"start":{"line":5,"column":16},"end":{"line":18,"column":1}},"1":{"start":{"line":6,"column":4},"end":{"line":17,"column":5}}},"fnMap":{"0":{"name":"(anonymous_0)","decl":{"start":{"line":5,"column":16},"end":{"line":5,"column":17}},"loc":{"start":{"line":5,"column":22},"end":{"line":18,"column":1}},"line":5}},"branchMap":{},"s":{"0":1,"1":1},"f":{"0":1},"b":{},"_coverageSchema":"1a1c01bbd47fc00a2c39e90264f33305004495a9","hash":"4db32b3a2001f21df8a4e57cecc34b7227172925"}
,"/Users/frx/@data/Development/x-app/React/frx-react-ts-materialui-nextjs/src/components/Search.tsx": {"path":"/Users/frx/@data/Development/x-app/React/frx-react-ts-materialui-nextjs/src/components/Search.tsx","statementMap":{"0":{"start":{"line":17,"column":21},"end":{"line":38,"column":1}},"1":{"start":{"line":18,"column":2},"end":{"line":36,"column":4}},"2":{"start":{"line":40,"column":18},"end":{"line":60,"column":1}},"3":{"start":{"line":41,"column":2},"end":{"line":59,"column":4}},"4":{"start":{"line":62,"column":26},"end":{"line":106,"column":1}},"5":{"start":{"line":63,"column":20},"end":{"line":63,"column":31}},"6":{"start":{"line":64,"column":30},"end":{"line":64,"column":55}},"7":{"start":{"line":66,"column":25},"end":{"line":68,"column":5}},"8":{"start":{"line":67,"column":8},"end":{"line":67,"column":47}},"9":{"start":{"line":70,"column":25},"end":{"line":72,"column":5}},"10":{"start":{"line":71,"column":8},"end":{"line":71,"column":22}},"11":{"start":{"line":74,"column":4},"end":{"line":105,"column":5}}},"fnMap":{"0":{"name":"(anonymous_0)","decl":{"start":{"line":17,"column":32},"end":{"line":17,"column":33}},"loc":{"start":{"line":18,"column":2},"end":{"line":36,"column":4}},"line":18},"1":{"name":"(anonymous_1)","decl":{"start":{"line":40,"column":29},"end":{"line":40,"column":30}},"loc":{"start":{"line":41,"column":2},"end":{"line":59,"column":4}},"line":41},"2":{"name":"(anonymous_2)","decl":{"start":{"line":62,"column":26},"end":{"line":62,"column":27}},"loc":{"start":{"line":62,"column":49},"end":{"line":106,"column":1}},"line":62},"3":{"name":"(anonymous_3)","decl":{"start":{"line":66,"column":25},"end":{"line":66,"column":26}},"loc":{"start":{"line":66,"column":75},"end":{"line":68,"column":5}},"line":66},"4":{"name":"(anonymous_4)","decl":{"start":{"line":70,"column":25},"end":{"line":70,"column":26}},"loc":{"start":{"line":70,"column":75},"end":{"line":72,"column":5}},"line":70}},"branchMap":{"0":{"loc":{"start":{"line":83,"column":102},"end":{"line":83,"column":133}},"type":"cond-expr","locations":[{"start":{"line":83,"column":121},"end":{"line":83,"column":126}},{"start":{"line":83,"column":129},"end":{"line":83,"column":133}}],"line":83}},"s":{"0":0,"1":0,"2":0,"3":0,"4":0,"5":0,"6":0,"7":0,"8":0,"9":0,"10":0,"11":0},"f":{"0":0,"1":0,"2":0,"3":0,"4":0},"b":{"0":[0,0]}}
,"/Users/frx/@data/Development/x-app/React/frx-react-ts-materialui-nextjs/src/components/config/index.tsx": {"path":"/Users/frx/@data/Development/x-app/React/frx-react-ts-materialui-nextjs/src/components/config/index.tsx","statementMap":{"0":{"start":{"line":3,"column":12},"end":{"line":3,"column":49}},"1":{"start":{"line":8,"column":23},"end":{"line":8,"column":42}},"2":{"start":{"line":9,"column":30},"end":{"line":9,"column":56}},"3":{"start":{"line":14,"column":60},"end":{"line":37,"column":1}}},"fnMap":{},"branchMap":{},"s":{"0":2,"1":2,"2":2,"3":2},"f":{},"b":{},"_coverageSchema":"1a1c01bbd47fc00a2c39e90264f33305004495a9","hash":"47e9625e6bbd23856e9ba29eb70b7dc940ba4f9b"}
,"/Users/frx/@data/Development/x-app/React/frx-react-ts-materialui-nextjs/src/components/config/types.tsx": {"path":"/Users/frx/@data/Development/x-app/React/frx-react-ts-materialui-nextjs/src/components/config/types.tsx","statementMap":{},"fnMap":{},"branchMap":{},"s":{},"f":{},"b":{}}
,"/Users/frx/@data/Development/x-app/React/frx-react-ts-materialui-nextjs/src/services/hotel.ts": {"path":"/Users/frx/@data/Development/x-app/React/frx-react-ts-materialui-nextjs/src/services/hotel.ts","statementMap":{"0":{"start":{"line":25,"column":30},"end":{"line":48,"column":1}},"1":{"start":{"line":27,"column":24},"end":{"line":27,"column":82}},"2":{"start":{"line":28,"column":22},"end":{"line":28,"column":99}},"3":{"start":{"line":29,"column":21},"end":{"line":29,"column":133}},"4":{"start":{"line":30,"column":19},"end":{"line":30,"column":113}},"5":{"start":{"line":31,"column":4},"end":{"line":47,"column":5}},"6":{"start":{"line":32,"column":24},"end":{"line":32,"column":43}},"7":{"start":{"line":34,"column":8},"end":{"line":36,"column":10}},"8":{"start":{"line":34,"column":21},"end":{"line":36,"column":10}},"9":{"start":{"line":35,"column":12},"end":{"line":35,"column":62}},"10":{"start":{"line":37,"column":21},"end":{"line":37,"column":42}},"11":{"start":{"line":38,"column":42},"end":{"line":38,"column":126}},"12":{"start":{"line":39,"column":8},"end":{"line":41,"column":10}},"13":{"start":{"line":40,"column":12},"end":{"line":40,"column":40}},"14":{"start":{"line":43,"column":8},"end":{"line":43,"column":62}},"15":{"start":{"line":44,"column":8},"end":{"line":46,"column":10}},"16":{"start":{"line":45,"column":12},"end":{"line":45,"column":62}},"17":{"start":{"line":60,"column":32},"end":{"line":71,"column":1}},"18":{"start":{"line":61,"column":22},"end":{"line":61,"column":50}},"19":{"start":{"line":62,"column":21},"end":{"line":62,"column":85}},"20":{"start":{"line":63,"column":4},"end":{"line":63,"column":54}},"21":{"start":{"line":65,"column":19},"end":{"line":65,"column":82}},"22":{"start":{"line":67,"column":17},"end":{"line":67,"column":51}},"23":{"start":{"line":68,"column":4},"end":{"line":70,"column":7}},"24":{"start":{"line":69,"column":8},"end":{"line":69,"column":31}}},"fnMap":{"0":{"name":"(anonymous_0)","decl":{"start":{"line":25,"column":30},"end":{"line":25,"column":31}},"loc":{"start":{"line":25,"column":129},"end":{"line":48,"column":1}},"line":25},"1":{"name":"(anonymous_1)","decl":{"start":{"line":34,"column":56},"end":{"line":34,"column":57}},"loc":{"start":{"line":34,"column":69},"end":{"line":36,"column":9}},"line":34},"2":{"name":"(anonymous_2)","decl":{"start":{"line":39,"column":43},"end":{"line":39,"column":44}},"loc":{"start":{"line":39,"column":56},"end":{"line":41,"column":9}},"line":39},"3":{"name":"(anonymous_3)","decl":{"start":{"line":44,"column":43},"end":{"line":44,"column":44}},"loc":{"start":{"line":44,"column":56},"end":{"line":46,"column":9}},"line":44},"4":{"name":"(anonymous_4)","decl":{"start":{"line":60,"column":32},"end":{"line":60,"column":33}},"loc":{"start":{"line":60,"column":82},"end":{"line":71,"column":1}},"line":60},"5":{"name":"(anonymous_5)","decl":{"start":{"line":68,"column":30},"end":{"line":68,"column":31}},"loc":{"start":{"line":68,"column":43},"end":{"line":70,"column":5}},"line":68}},"branchMap":{"0":{"loc":{"start":{"line":25,"column":51},"end":{"line":25,"column":72}},"type":"default-arg","locations":[{"start":{"line":25,"column":68},"end":{"line":25,"column":72}}],"line":25},"1":{"loc":{"start":{"line":25,"column":74},"end":{"line":25,"column":99}},"type":"default-arg","locations":[{"start":{"line":25,"column":94},"end":{"line":25,"column":99}}],"line":25},"2":{"loc":{"start":{"line":27,"column":24},"end":{"line":27,"column":82}},"type":"cond-expr","locations":[{"start":{"line":27,"column":32},"end":{"line":27,"column":70}},{"start":{"line":27,"column":73},"end":{"line":27,"column":82}}],"line":27},"3":{"loc":{"start":{"line":28,"column":22},"end":{"line":28,"column":99}},"type":"cond-expr","locations":[{"start":{"line":28,"column":38},"end":{"line":28,"column":63}},{"start":{"line":28,"column":67},"end":{"line":28,"column":97}}],"line":28},"4":{"loc":{"start":{"line":28,"column":67},"end":{"line":28,"column":97}},"type":"binary-expr","locations":[{"start":{"line":28,"column":67},"end":{"line":28,"column":92}},{"start":{"line":28,"column":96},"end":{"line":28,"column":97}}],"line":28},"5":{"loc":{"start":{"line":29,"column":21},"end":{"line":29,"column":133}},"type":"cond-expr","locations":[{"start":{"line":29,"column":37},"end":{"line":29,"column":62}},{"start":{"line":29,"column":66},"end":{"line":29,"column":132}}],"line":29},"6":{"loc":{"start":{"line":29,"column":66},"end":{"line":29,"column":132}},"type":"binary-expr","locations":[{"start":{"line":29,"column":66},"end":{"line":29,"column":90}},{"start":{"line":29,"column":94},"end":{"line":29,"column":132}}],"line":29},"7":{"loc":{"start":{"line":30,"column":22},"end":{"line":30,"column":60}},"type":"binary-expr","locations":[{"start":{"line":30,"column":22},"end":{"line":30,"column":29}},{"start":{"line":30,"column":33},"end":{"line":30,"column":60}}],"line":30},"8":{"loc":{"start":{"line":34,"column":8},"end":{"line":36,"column":10}},"type":"if","locations":[{"start":{"line":34,"column":8},"end":{"line":36,"column":10}},{"start":{"line":34,"column":8},"end":{"line":36,"column":10}}],"line":34},"9":{"loc":{"start":{"line":61,"column":22},"end":{"line":61,"column":50}},"type":"binary-expr","locations":[{"start":{"line":61,"column":22},"end":{"line":61,"column":45}},{"start":{"line":61,"column":49},"end":{"line":61,"column":50}}],"line":61},"10":{"loc":{"start":{"line":62,"column":21},"end":{"line":62,"column":85}},"type":"binary-expr","locations":[{"start":{"line":62,"column":21},"end":{"line":62,"column":43}},{"start":{"line":62,"column":47},"end":{"line":62,"column":85}}],"line":62}},"s":{"0":2,"1":1,"2":1,"3":1,"4":1,"5":1,"6":1,"7":1,"8":0,"9":0,"10":1,"11":1,"12":1,"13":1,"14":0,"15":0,"16":0,"17":2,"18":4,"19":4,"20":4,"21":4,"22":4,"23":4,"24":4},"f":{"0":1,"1":0,"2":1,"3":0,"4":4,"5":4},"b":{"0":[0],"1":[1],"2":[0,1],"3":[0,1],"4":[1,1],"5":[0,1],"6":[1,1],"7":[1,0],"8":[0,1],"9":[4,0],"10":[4,0]},"_coverageSchema":"1a1c01bbd47fc00a2c39e90264f33305004495a9","hash":"3602b249fdbebb0999aaa2f0bb052e4de8578a12"}
,"/Users/frx/@data/Development/x-app/React/frx-react-ts-materialui-nextjs/src/types/HotelTypes.ts": {"path":"/Users/frx/@data/Development/x-app/React/frx-react-ts-materialui-nextjs/src/types/HotelTypes.ts","statementMap":{},"fnMap":{},"branchMap":{},"s":{},"f":{},"b":{}}
,"/Users/frx/@data/Development/x-app/React/frx-react-ts-materialui-nextjs/src/utils/cookienizer.ts": {"path":"/Users/frx/@data/Development/x-app/React/frx-react-ts-materialui-nextjs/src/utils/cookienizer.ts","statementMap":{"0":{"start":{"line":4,"column":16},"end":{"line":4,"column":24}},"1":{"start":{"line":12,"column":30},"end":{"line":22,"column":1}},"2":{"start":{"line":13,"column":19},"end":{"line":20,"column":6}},"3":{"start":{"line":21,"column":4},"end":{"line":21,"column":39}},"4":{"start":{"line":30,"column":30},"end":{"line":34,"column":1}},"5":{"start":{"line":31,"column":20},"end":{"line":31,"column":37}},"6":{"start":{"line":33,"column":4},"end":{"line":33,"column":24}},"7":{"start":{"line":41,"column":33},"end":{"line":48,"column":1}},"8":{"start":{"line":42,"column":19},"end":{"line":45,"column":6}},"9":{"start":{"line":47,"column":4},"end":{"line":47,"column":39}},"10":{"start":{"line":55,"column":28},"end":{"line":60,"column":1}},"11":{"start":{"line":56,"column":4},"end":{"line":56,"column":39}},"12":{"start":{"line":56,"column":21},"end":{"line":56,"column":39}},"13":{"start":{"line":57,"column":19},"end":{"line":57,"column":38}},"14":{"start":{"line":59,"column":4},"end":{"line":59,"column":30}}},"fnMap":{"0":{"name":"(anonymous_0)","decl":{"start":{"line":12,"column":30},"end":{"line":12,"column":31}},"loc":{"start":{"line":12,"column":76},"end":{"line":22,"column":1}},"line":12},"1":{"name":"(anonymous_1)","decl":{"start":{"line":30,"column":30},"end":{"line":30,"column":31}},"loc":{"start":{"line":30,"column":64},"end":{"line":34,"column":1}},"line":30},"2":{"name":"(anonymous_2)","decl":{"start":{"line":41,"column":33},"end":{"line":41,"column":34}},"loc":{"start":{"line":41,"column":67},"end":{"line":48,"column":1}},"line":41},"3":{"name":"(anonymous_3)","decl":{"start":{"line":55,"column":28},"end":{"line":55,"column":29}},"loc":{"start":{"line":55,"column":48},"end":{"line":60,"column":1}},"line":55}},"branchMap":{"0":{"loc":{"start":{"line":56,"column":4},"end":{"line":56,"column":39}},"type":"if","locations":[{"start":{"line":56,"column":4},"end":{"line":56,"column":39}},{"start":{"line":56,"column":4},"end":{"line":56,"column":39}}],"line":56},"1":{"loc":{"start":{"line":59,"column":17},"end":{"line":59,"column":29}},"type":"binary-expr","locations":[{"start":{"line":59,"column":17},"end":{"line":59,"column":23}},{"start":{"line":59,"column":27},"end":{"line":59,"column":29}}],"line":59}},"s":{"0":2,"1":2,"2":5,"3":5,"4":2,"5":4,"6":4,"7":2,"8":0,"9":0,"10":2,"11":4,"12":4,"13":0,"14":0},"f":{"0":5,"1":4,"2":0,"3":4},"b":{"0":[4,0],"1":[0,0]},"_coverageSchema":"1a1c01bbd47fc00a2c39e90264f33305004495a9","hash":"5ae2fbc1f6821060028fcdf841f69f030f16eaba"}
,"/Users/frx/@data/Development/x-app/React/frx-react-ts-materialui-nextjs/src/utils/formatter.ts": {"path":"/Users/frx/@data/Development/x-app/React/frx-react-ts-materialui-nextjs/src/utils/formatter.ts","statementMap":{"0":{"start":{"line":2,"column":31},"end":{"line":6,"column":1}},"1":{"start":{"line":4,"column":27},"end":{"line":4,"column":116}},"2":{"start":{"line":5,"column":4},"end":{"line":5,"column":32}},"3":{"start":{"line":8,"column":31},"end":{"line":12,"column":1}},"4":{"start":{"line":9,"column":4},"end":{"line":11,"column":7}},"5":{"start":{"line":10,"column":6},"end":{"line":10,"column":74}}},"fnMap":{"0":{"name":"(anonymous_0)","decl":{"start":{"line":2,"column":31},"end":{"line":2,"column":32}},"loc":{"start":{"line":2,"column":69},"end":{"line":6,"column":1}},"line":2},"1":{"name":"(anonymous_1)","decl":{"start":{"line":8,"column":31},"end":{"line":8,"column":32}},"loc":{"start":{"line":8,"column":69},"end":{"line":12,"column":1}},"line":8},"2":{"name":"(anonymous_2)","decl":{"start":{"line":9,"column":49},"end":{"line":9,"column":50}},"loc":{"start":{"line":9,"column":67},"end":{"line":11,"column":5}},"line":9}},"branchMap":{"0":{"loc":{"start":{"line":4,"column":27},"end":{"line":4,"column":116}},"type":"cond-expr","locations":[{"start":{"line":4,"column":56},"end":{"line":4,"column":69}},{"start":{"line":4,"column":71},"end":{"line":4,"column":116}}],"line":4},"1":{"loc":{"start":{"line":10,"column":13},"end":{"line":10,"column":73}},"type":"cond-expr","locations":[{"start":{"line":10,"column":62},"end":{"line":10,"column":69}},{"start":{"line":10,"column":72},"end":{"line":10,"column":73}}],"line":10},"2":{"loc":{"start":{"line":10,"column":13},"end":{"line":10,"column":59}},"type":"binary-expr","locations":[{"start":{"line":10,"column":13},"end":{"line":10,"column":18}},{"start":{"line":10,"column":22},"end":{"line":10,"column":31}},{"start":{"line":10,"column":35},"end":{"line":10,"column":59}}],"line":10}},"s":{"0":0,"1":0,"2":0,"3":0,"4":0,"5":0},"f":{"0":0,"1":0,"2":0},"b":{"0":[0,0],"1":[0,0],"2":[0,0,0]}}
,"/Users/frx/@data/Development/x-app/React/frx-react-ts-materialui-nextjs/src/utils/sortify.ts": {"path":"/Users/frx/@data/Development/x-app/React/frx-react-ts-materialui-nextjs/src/utils/sortify.ts","statementMap":{"0":{"start":{"line":5,"column":30},"end":{"line":13,"column":1}},"1":{"start":{"line":6,"column":4},"end":{"line":8,"column":5}},"2":{"start":{"line":7,"column":8},"end":{"line":7,"column":18}},"3":{"start":{"line":9,"column":4},"end":{"line":11,"column":5}},"4":{"start":{"line":10,"column":8},"end":{"line":10,"column":17}},"5":{"start":{"line":12,"column":4},"end":{"line":12,"column":13}},"6":{"start":{"line":16,"column":29},"end":{"line":24,"column":1}},"7":{"start":{"line":17,"column":27},"end":{"line":17,"column":79}},"8":{"start":{"line":17,"column":52},"end":{"line":17,"column":78}},"9":{"start":{"line":18,"column":4},"end":{"line":22,"column":7}},"10":{"start":{"line":19,"column":22},"end":{"line":19,"column":44}},"11":{"start":{"line":20,"column":8},"end":{"line":20,"column":38}},"12":{"start":{"line":20,"column":25},"end":{"line":20,"column":38}},"13":{"start":{"line":21,"column":8},"end":{"line":21,"column":27}},"14":{"start":{"line":23,"column":4},"end":{"line":23,"column":45}},"15":{"start":{"line":23,"column":38},"end":{"line":23,"column":43}},"16":{"start":{"line":28,"column":4},"end":{"line":28,"column":113}},"17":{"start":{"line":28,"column":40},"end":{"line":28,"column":69}},"18":{"start":{"line":28,"column":82},"end":{"line":28,"column":112}}},"fnMap":{"0":{"name":"(anonymous_0)","decl":{"start":{"line":5,"column":30},"end":{"line":5,"column":31}},"loc":{"start":{"line":5,"column":64},"end":{"line":13,"column":1}},"line":5},"1":{"name":"(anonymous_1)","decl":{"start":{"line":16,"column":29},"end":{"line":16,"column":30}},"loc":{"start":{"line":16,"column":81},"end":{"line":24,"column":1}},"line":16},"2":{"name":"(anonymous_2)","decl":{"start":{"line":17,"column":37},"end":{"line":17,"column":38}},"loc":{"start":{"line":17,"column":52},"end":{"line":17,"column":78}},"line":17},"3":{"name":"(anonymous_3)","decl":{"start":{"line":18,"column":24},"end":{"line":18,"column":25}},"loc":{"start":{"line":18,"column":34},"end":{"line":22,"column":5}},"line":18},"4":{"name":"(anonymous_4)","decl":{"start":{"line":23,"column":30},"end":{"line":23,"column":31}},"loc":{"start":{"line":23,"column":38},"end":{"line":23,"column":43}},"line":23},"5":{"name":"getComparator","decl":{"start":{"line":26,"column":16},"end":{"line":26,"column":29}},"loc":{"start":{"line":26,"column":170},"end":{"line":29,"column":1}},"line":26},"6":{"name":"(anonymous_6)","decl":{"start":{"line":28,"column":30},"end":{"line":28,"column":31}},"loc":{"start":{"line":28,"column":40},"end":{"line":28,"column":69}},"line":28},"7":{"name":"(anonymous_7)","decl":{"start":{"line":28,"column":72},"end":{"line":28,"column":73}},"loc":{"start":{"line":28,"column":82},"end":{"line":28,"column":112}},"line":28}},"branchMap":{"0":{"loc":{"start":{"line":6,"column":4},"end":{"line":8,"column":5}},"type":"if","locations":[{"start":{"line":6,"column":4},"end":{"line":8,"column":5}},{"start":{"line":6,"column":4},"end":{"line":8,"column":5}}],"line":6},"1":{"loc":{"start":{"line":9,"column":4},"end":{"line":11,"column":5}},"type":"if","locations":[{"start":{"line":9,"column":4},"end":{"line":11,"column":5}},{"start":{"line":9,"column":4},"end":{"line":11,"column":5}}],"line":9},"2":{"loc":{"start":{"line":20,"column":8},"end":{"line":20,"column":38}},"type":"if","locations":[{"start":{"line":20,"column":8},"end":{"line":20,"column":38}},{"start":{"line":20,"column":8},"end":{"line":20,"column":38}}],"line":20},"3":{"loc":{"start":{"line":28,"column":11},"end":{"line":28,"column":112}},"type":"cond-expr","locations":[{"start":{"line":28,"column":30},"end":{"line":28,"column":69}},{"start":{"line":28,"column":72},"end":{"line":28,"column":112}}],"line":28}},"s":{"0":0,"1":0,"2":0,"3":0,"4":0,"5":0,"6":0,"7":0,"8":0,"9":0,"10":0,"11":0,"12":0,"13":0,"14":0,"15":0,"16":0,"17":0,"18":0},"f":{"0":0,"1":0,"2":0,"3":0,"4":0,"5":0,"6":0,"7":0},"b":{"0":[0,0],"1":[0,0],"2":[0,0],"3":[0,0]}}
,"/Users/frx/@data/Development/x-app/React/frx-react-ts-materialui-nextjs/src/utils/storage.ts": {"path":"/Users/frx/@data/Development/x-app/React/frx-react-ts-materialui-nextjs/src/utils/storage.ts","statementMap":{"0":{"start":{"line":15,"column":28},"end":{"line":52,"column":1}},"1":{"start":{"line":18,"column":36},"end":{"line":25,"column":24}},"2":{"start":{"line":27,"column":4},"end":{"line":33,"column":47}},"3":{"start":{"line":35,"column":4},"end":{"line":44,"column":5}},"4":{"start":{"line":36,"column":8},"end":{"line":43,"column":9}},"5":{"start":{"line":37,"column":12},"end":{"line":42,"column":13}},"6":{"start":{"line":38,"column":16},"end":{"line":40,"column":17}},"7":{"start":{"line":39,"column":20},"end":{"line":39,"column":62}},"8":{"start":{"line":41,"column":16},"end":{"line":41,"column":81}},"9":{"start":{"line":46,"column":4},"end":{"line":49,"column":5}},"10":{"start":{"line":48,"column":8},"end":{"line":48,"column":71}},"11":{"start":{"line":51,"column":4},"end":{"line":51,"column":20}}},"fnMap":{"0":{"name":"(anonymous_0)","decl":{"start":{"line":15,"column":28},"end":{"line":15,"column":29}},"loc":{"start":{"line":16,"column":78},"end":{"line":52,"column":1}},"line":16}},"branchMap":{"0":{"loc":{"start":{"line":16,"column":4},"end":{"line":16,"column":24}},"type":"default-arg","locations":[{"start":{"line":16,"column":20},"end":{"line":16,"column":24}}],"line":16},"1":{"loc":{"start":{"line":16,"column":26},"end":{"line":16,"column":39}},"type":"default-arg","locations":[{"start":{"line":16,"column":34},"end":{"line":16,"column":39}}],"line":16},"2":{"loc":{"start":{"line":16,"column":41},"end":{"line":16,"column":57}},"type":"default-arg","locations":[{"start":{"line":16,"column":52},"end":{"line":16,"column":57}}],"line":16},"3":{"loc":{"start":{"line":28,"column":19},"end":{"line":28,"column":50}},"type":"binary-expr","locations":[{"start":{"line":28,"column":19},"end":{"line":28,"column":28}},{"start":{"line":28,"column":32},"end":{"line":28,"column":50}}],"line":28},"4":{"loc":{"start":{"line":29,"column":18},"end":{"line":29,"column":47}},"type":"binary-expr","locations":[{"start":{"line":29,"column":18},"end":{"line":29,"column":26}},{"start":{"line":29,"column":30},"end":{"line":29,"column":47}}],"line":29},"5":{"loc":{"start":{"line":30,"column":16},"end":{"line":30,"column":41}},"type":"binary-expr","locations":[{"start":{"line":30,"column":16},"end":{"line":30,"column":22}},{"start":{"line":30,"column":26},"end":{"line":30,"column":41}}],"line":30},"6":{"loc":{"start":{"line":31,"column":20},"end":{"line":31,"column":53}},"type":"binary-expr","locations":[{"start":{"line":31,"column":20},"end":{"line":31,"column":30}},{"start":{"line":31,"column":34},"end":{"line":31,"column":53}}],"line":31},"7":{"loc":{"start":{"line":32,"column":16},"end":{"line":32,"column":41}},"type":"binary-expr","locations":[{"start":{"line":32,"column":16},"end":{"line":32,"column":22}},{"start":{"line":32,"column":26},"end":{"line":32,"column":41}}],"line":32},"8":{"loc":{"start":{"line":33,"column":17},"end":{"line":33,"column":44}},"type":"binary-expr","locations":[{"start":{"line":33,"column":17},"end":{"line":33,"column":24}},{"start":{"line":33,"column":28},"end":{"line":33,"column":44}}],"line":33},"9":{"loc":{"start":{"line":35,"column":4},"end":{"line":44,"column":5}},"type":"if","locations":[{"start":{"line":35,"column":4},"end":{"line":44,"column":5}},{"start":{"line":35,"column":4},"end":{"line":44,"column":5}}],"line":35},"10":{"loc":{"start":{"line":36,"column":8},"end":{"line":43,"column":9}},"type":"if","locations":[{"start":{"line":36,"column":8},"end":{"line":43,"column":9}},{"start":{"line":36,"column":8},"end":{"line":43,"column":9}}],"line":36},"11":{"loc":{"start":{"line":37,"column":12},"end":{"line":42,"column":13}},"type":"if","locations":[{"start":{"line":37,"column":12},"end":{"line":42,"column":13}},{"start":{"line":37,"column":12},"end":{"line":42,"column":13}}],"line":37},"12":{"loc":{"start":{"line":38,"column":16},"end":{"line":40,"column":17}},"type":"if","locations":[{"start":{"line":38,"column":16},"end":{"line":40,"column":17}},{"start":{"line":38,"column":16},"end":{"line":40,"column":17}}],"line":38},"13":{"loc":{"start":{"line":46,"column":4},"end":{"line":49,"column":5}},"type":"if","locations":[{"start":{"line":46,"column":4},"end":{"line":49,"column":5}},{"start":{"line":46,"column":4},"end":{"line":49,"column":5}}],"line":46}},"s":{"0":2,"1":1,"2":1,"3":1,"4":1,"5":1,"6":1,"7":0,"8":1,"9":1,"10":1,"11":1},"f":{"0":1},"b":{"0":[0],"1":[0],"2":[0],"3":[1,0],"4":[1,0],"5":[1,1],"6":[1,1],"7":[1,1],"8":[1,1],"9":[1,0],"10":[1,0],"11":[1,0],"12":[0,1],"13":[1,0]},"_coverageSchema":"1a1c01bbd47fc00a2c39e90264f33305004495a9","hash":"4ada0e816c04b86c1337879794d28702f83c64e1"}
}
