TN:
SF:pages/_app.tsx
FN:10,(anonymous_0)
FN:11,(anonymous_1)
FNF:2
FNH:0
FNDA:0,(anonymous_0)
FNDA:0,(anonymous_1)
DA:10,0
DA:11,0
DA:13,0
DA:14,0
DA:15,0
DA:19,0
LF:6
LH:0
BRDA:14,0,0,0
BRDA:14,0,1,0
BRF:2
BRH:0
end_of_record
TN:
SF:pages/_document.tsx
FN:8,(anonymous_0)
FN:25,(anonymous_1)
FN:29,(anonymous_2)
FN:31,(anonymous_3)
FN:31,(anonymous_4)
FNF:5
FNH:0
FNDA:0,(anonymous_0)
FNDA:0,(anonymous_1)
FNDA:0,(anonymous_2)
FNDA:0,(anonymous_3)
FNDA:0,(anonymous_4)
DA:9,0
DA:25,0
DA:26,0
DA:27,0
DA:29,0
DA:30,0
DA:31,0
DA:34,0
DA:36,0
LF:9
LH:0
BRF:0
BRH:0
end_of_record
TN:
SF:pages/about.tsx
FN:6,(anonymous_0)
FNF:1
FNH:0
FNDA:0,(anonymous_0)
DA:6,0
DA:7,0
LF:2
LH:0
BRF:0
BRH:0
end_of_record
TN:
SF:pages/error.tsx
FN:8,(anonymous_0)
FNF:1
FNH:0
FNDA:0,(anonymous_0)
DA:8,0
DA:9,0
LF:2
LH:0
BRF:0
BRH:0
end_of_record
TN:
SF:pages/index.tsx
FN:14,(anonymous_0)
FN:25,(anonymous_1)
FN:31,(anonymous_2)
FN:38,(anonymous_3)
FN:50,(anonymous_4)
FN:56,(anonymous_5)
FN:57,(anonymous_6)
FN:100,(anonymous_7)
FNF:8
FNH:0
FNDA:0,(anonymous_0)
FNDA:0,(anonymous_1)
FNDA:0,(anonymous_2)
FNDA:0,(anonymous_3)
FNDA:0,(anonymous_4)
FNDA:0,(anonymous_5)
FNDA:0,(anonymous_6)
FNDA:0,(anonymous_7)
DA:14,0
DA:16,0
DA:18,0
DA:19,0
DA:20,0
DA:21,0
DA:25,0
DA:26,0
DA:27,0
DA:28,0
DA:31,0
DA:32,0
DA:33,0
DA:38,0
DA:39,0
DA:40,0
DA:41,0
DA:42,0
DA:43,0
DA:44,0
DA:45,0
DA:46,0
DA:47,0
DA:50,0
DA:51,0
DA:52,0
DA:53,0
DA:55,0
DA:56,0
DA:57,0
DA:59,0
DA:62,0
DA:65,0
DA:66,0
DA:69,0
DA:70,0
DA:76,0
DA:100,0
DA:102,0
DA:103,0
DA:104,0
DA:113,0
LF:42
LH:0
BRDA:32,0,0,0
BRDA:32,0,1,0
BRDA:55,1,0,0
BRDA:55,1,1,0
BRDA:55,2,0,0
BRDA:55,2,1,0
BRDA:103,3,0,0
BRDA:103,3,1,0
BRF:8
BRH:0
end_of_record
TN:
SF:pages/api/hotels/[id].ts
FN:11,(anonymous_0)
FN:19,(anonymous_1)
FN:20,(anonymous_2)
FNF:3
FNH:3
FNDA:4,(anonymous_0)
FNDA:4,(anonymous_1)
FNDA:24,(anonymous_2)
DA:11,1
DA:14,4
DA:15,4
DA:18,4
DA:19,4
DA:20,24
DA:21,4
DA:22,4
DA:31,0
DA:35,4
LF:10
LH:9
BRDA:21,0,0,4
BRDA:21,0,1,0
BRF:2
BRH:1
end_of_record
TN:
SF:pages/api/hotels/index.ts
FN:7,(anonymous_0)
FN:15,(anonymous_1)
FN:33,(anonymous_2)
FN:34,(anonymous_3)
FNF:4
FNH:4
FNDA:4,(anonymous_0)
FNDA:4,(anonymous_1)
FNDA:24,(anonymous_2)
FNDA:180,(anonymous_3)
DA:12,4
DA:13,4
DA:14,4
DA:15,4
DA:17,4
DA:19,4
DA:20,4
DA:23,4
DA:24,4
DA:26,4
DA:27,4
DA:29,4
DA:30,4
DA:31,4
DA:33,4
DA:34,180
DA:35,24
DA:36,22
DA:37,22
DA:38,22
DA:40,22
DA:45,2
DA:49,4
DA:51,4
DA:53,4
LF:25
LH:25
BRDA:13,0,0,4
BRDA:13,0,1,0
BRDA:13,1,0,4
BRDA:13,1,1,0
BRDA:17,2,0,4
BRDA:17,2,1,0
BRDA:35,3,0,22
BRDA:35,3,1,2
BRF:8
BRH:5
end_of_record
TN:
SF:pages/hotel/[id]/index.tsx
FN:19,(anonymous_0)
FN:65,(anonymous_1)
FN:91,(anonymous_2)
FN:113,(anonymous_3)
FN:116,(anonymous_4)
FN:117,(anonymous_5)
FNF:6
FNH:0
FNDA:0,(anonymous_0)
FNDA:0,(anonymous_1)
FNDA:0,(anonymous_2)
FNDA:0,(anonymous_3)
FNDA:0,(anonymous_4)
FNDA:0,(anonymous_5)
DA:19,0
DA:21,0
DA:23,0
DA:24,0
DA:65,0
DA:67,0
DA:68,0
DA:69,0
DA:70,0
DA:71,0
DA:72,0
DA:74,0
DA:91,0
DA:92,0
DA:93,0
DA:94,0
DA:95,0
DA:96,0
DA:97,0
DA:113,0
DA:114,0
DA:116,0
DA:117,0
DA:119,0
LF:24
LH:0
BRDA:47,0,0,0
BRDA:47,0,1,0
BRDA:68,1,0,0
BRDA:68,1,1,0
BRDA:69,2,0,0
BRDA:69,2,1,0
BRDA:69,3,0,0
BRDA:69,3,1,0
BRDA:70,4,0,0
BRDA:70,4,1,0
BRDA:70,5,0,0
BRDA:70,5,1,0
BRDA:93,6,0,0
BRDA:93,6,1,0
BRDA:94,7,0,0
BRDA:94,7,1,0
BRF:16
BRH:0
end_of_record
TN:
SF:src/components/CurrencySelector.tsx
FN:10,(anonymous_0)
FN:27,(anonymous_1)
FN:32,(anonymous_2)
FNF:3
FNH:0
FNDA:0,(anonymous_0)
FNDA:0,(anonymous_1)
FNDA:0,(anonymous_2)
DA:10,0
DA:11,0
DA:27,0
DA:28,0
DA:29,0
DA:30,0
DA:32,0
DA:33,0
DA:34,0
DA:37,0
LF:10
LH:0
BRF:0
BRH:0
end_of_record
TN:
SF:src/components/Header.tsx
FN:4,(anonymous_0)
FNF:1
FNH:1
FNDA:1,(anonymous_0)
DA:4,1
DA:5,1
LF:2
LH:2
BRF:0
BRH:0
end_of_record
TN:
SF:src/components/HotelCompetitors.tsx
FN:15,(anonymous_0)
FN:36,(anonymous_1)
FN:38,(anonymous_2)
FN:41,(anonymous_3)
FN:56,(anonymous_4)
FNF:5
FNH:0
FNDA:0,(anonymous_0)
FNDA:0,(anonymous_1)
FNDA:0,(anonymous_2)
FNDA:0,(anonymous_3)
FNDA:0,(anonymous_4)
DA:15,0
DA:16,0
DA:36,0
DA:37,0
DA:38,0
DA:39,0
DA:41,0
DA:42,0
DA:45,0
DA:57,0
LF:10
LH:0
BRDA:53,0,0,0
BRDA:53,0,1,0
BRDA:60,1,0,0
BRDA:60,1,1,0
BRDA:62,2,0,0
BRDA:62,2,1,0
BRF:6
BRH:0
end_of_record
TN:
SF:src/components/HotelList.tsx
FN:5,(anonymous_0)
FN:8,(anonymous_1)
FNF:2
FNH:0
FNDA:0,(anonymous_0)
FNDA:0,(anonymous_1)
DA:5,0
DA:6,0
DA:9,0
LF:3
LH:0
BRF:0
BRH:0
end_of_record
TN:
SF:src/components/HotelPriceTaxFees.tsx
FN:11,(anonymous_0)
FNF:1
FNH:0
FNDA:0,(anonymous_0)
DA:11,0
DA:12,0
LF:2
LH:0
BRDA:14,0,0,0
BRDA:14,0,1,0
BRDA:16,1,0,0
BRDA:16,1,1,0
BRDA:16,2,0,0
BRDA:16,2,1,0
BRDA:17,3,0,0
BRDA:17,3,1,0
BRF:8
BRH:0
end_of_record
TN:
SF:src/components/HotelStarRatings.tsx
FN:22,(anonymous_0)
FN:33,(anonymous_1)
FNF:2
FNH:0
FNDA:0,(anonymous_0)
FNDA:0,(anonymous_1)
DA:9,0
DA:22,0
DA:23,0
DA:33,0
LF:4
LH:0
BRDA:33,0,0,0
BRDA:33,0,1,0
BRF:2
BRH:0
end_of_record
TN:
SF:src/components/HotelTable.tsx
FN:30,(anonymous_0)
FN:95,(anonymous_1)
FN:97,(anonymous_2)
FN:97,(anonymous_3)
FN:108,(anonymous_4)
FN:137,(anonymous_5)
FN:146,(anonymous_6)
FN:150,(anonymous_7)
FN:155,(anonymous_8)
FN:160,(anonymous_9)
FN:166,(anonymous_10)
FN:171,(anonymous_11)
FN:177,(anonymous_12)
FN:210,(anonymous_13)
FN:265,(anonymous_14)
FN:302,(anonymous_15)
FNF:16
FNH:0
FNDA:0,(anonymous_0)
FNDA:0,(anonymous_1)
FNDA:0,(anonymous_2)
FNDA:0,(anonymous_3)
FNDA:0,(anonymous_4)
FNDA:0,(anonymous_5)
FNDA:0,(anonymous_6)
FNDA:0,(anonymous_7)
FNDA:0,(anonymous_8)
FNDA:0,(anonymous_9)
FNDA:0,(anonymous_10)
FNDA:0,(anonymous_11)
FNDA:0,(anonymous_12)
FNDA:0,(anonymous_13)
FNDA:0,(anonymous_14)
FNDA:0,(anonymous_15)
DA:23,0
DA:30,0
DA:95,0
DA:96,0
DA:97,0
DA:98,0
DA:101,0
DA:109,0
DA:137,0
DA:138,0
DA:139,0
DA:140,0
DA:141,0
DA:142,0
DA:143,0
DA:144,0
DA:145,0
DA:146,0
DA:147,0
DA:150,0
DA:151,0
DA:152,0
DA:155,0
DA:156,0
DA:160,0
DA:161,0
DA:162,0
DA:163,0
DA:166,0
DA:167,0
DA:168,0
DA:171,0
DA:172,0
DA:173,0
DA:175,0
DA:177,0
DA:178,0
DA:179,0
DA:183,0
DA:184,0
DA:185,0
DA:186,0
DA:187,0
DA:189,0
DA:193,0
DA:211,0
DA:265,0
DA:302,0
LF:48
LH:0
BRDA:112,0,0,0
BRDA:112,0,1,0
BRDA:113,1,0,0
BRDA:113,1,1,0
BRDA:115,2,0,0
BRDA:115,2,1,0
BRDA:121,3,0,0
BRDA:121,3,1,0
BRDA:123,4,0,0
BRDA:123,4,1,0
BRDA:161,5,0,0
BRDA:161,5,1,0
BRDA:162,6,0,0
BRDA:162,6,1,0
BRDA:173,7,0,0
BRDA:173,7,1,0
BRDA:175,8,0,0
BRDA:175,8,1,0
BRDA:178,9,0,0
BRDA:178,9,1,0
BRDA:183,10,0,0
BRDA:183,10,1,0
BRDA:189,11,0,0
BRDA:189,11,1,0
BRDA:189,12,0,0
BRDA:189,12,1,0
BRDA:200,13,0,0
BRDA:200,13,1,0
BRDA:200,14,0,0
BRDA:200,14,1,0
BRDA:250,15,0,0
BRDA:250,15,1,0
BRDA:275,16,0,0
BRDA:275,16,1,0
BRDA:275,17,0,0
BRDA:275,17,1,0
BRF:36
BRH:0
end_of_record
TN:
SF:src/components/Layout.tsx
FN:7,(anonymous_0)
FNF:1
FNH:1
FNDA:1,(anonymous_0)
DA:7,1
DA:8,1
LF:2
LH:2
BRF:0
BRH:0
end_of_record
TN:
SF:src/components/LoaderModal.tsx
FN:13,(anonymous_0)
FN:29,(anonymous_1)
FN:34,(anonymous_2)
FN:38,(anonymous_3)
FNF:4
FNH:0
FNDA:0,(anonymous_0)
FNDA:0,(anonymous_1)
FNDA:0,(anonymous_2)
FNDA:0,(anonymous_3)
DA:13,0
DA:14,0
DA:29,0
DA:31,0
DA:32,0
DA:34,0
DA:35,0
DA:38,0
DA:39,0
DA:42,0
LF:10
LH:0
BRF:0
BRH:0
end_of_record
TN:
SF:src/components/Meta.tsx
FN:9,(anonymous_0)
FNF:1
FNH:1
FNDA:1,(anonymous_0)
DA:9,1
DA:10,1
LF:2
LH:2
BRF:0
BRH:0
end_of_record
TN:
SF:src/components/Nav.tsx
FN:5,(anonymous_0)
FNF:1
FNH:1
FNDA:1,(anonymous_0)
DA:5,1
DA:6,1
LF:2
LH:2
BRF:0
BRH:0
end_of_record
TN:
SF:src/components/Search.tsx
FN:17,(anonymous_0)
FN:40,(anonymous_1)
FN:62,(anonymous_2)
FN:66,(anonymous_3)
FN:70,(anonymous_4)
FNF:5
FNH:0
FNDA:0,(anonymous_0)
FNDA:0,(anonymous_1)
FNDA:0,(anonymous_2)
FNDA:0,(anonymous_3)
FNDA:0,(anonymous_4)
DA:17,0
DA:18,0
DA:40,0
DA:41,0
DA:62,0
DA:63,0
DA:64,0
DA:66,0
DA:67,0
DA:70,0
DA:71,0
DA:74,0
LF:12
LH:0
BRDA:83,0,0,0
BRDA:83,0,1,0
BRF:2
BRH:0
end_of_record
TN:
SF:src/components/config/index.tsx
FNF:0
FNH:0
DA:3,2
DA:8,2
DA:9,2
DA:14,2
LF:4
LH:4
BRF:0
BRH:0
end_of_record
TN:
SF:src/components/config/types.tsx
FNF:0
FNH:0
LF:0
LH:0
BRF:0
BRH:0
end_of_record
TN:
SF:src/services/hotel.ts
FN:25,(anonymous_0)
FN:34,(anonymous_1)
FN:39,(anonymous_2)
FN:44,(anonymous_3)
FN:60,(anonymous_4)
FN:68,(anonymous_5)
FNF:6
FNH:4
FNDA:1,(anonymous_0)
FNDA:0,(anonymous_1)
FNDA:1,(anonymous_2)
FNDA:0,(anonymous_3)
FNDA:4,(anonymous_4)
FNDA:4,(anonymous_5)
DA:25,2
DA:27,1
DA:28,1
DA:29,1
DA:30,1
DA:31,1
DA:32,1
DA:34,1
DA:35,0
DA:37,1
DA:38,1
DA:39,1
DA:40,1
DA:43,0
DA:44,0
DA:45,0
DA:60,2
DA:61,4
DA:62,4
DA:63,4
DA:65,4
DA:67,4
DA:68,4
DA:69,4
LF:24
LH:20
BRDA:25,0,0,0
BRDA:25,1,0,1
BRDA:27,2,0,0
BRDA:27,2,1,1
BRDA:28,3,0,0
BRDA:28,3,1,1
BRDA:28,4,0,1
BRDA:28,4,1,1
BRDA:29,5,0,0
BRDA:29,5,1,1
BRDA:29,6,0,1
BRDA:29,6,1,1
BRDA:30,7,0,1
BRDA:30,7,1,0
BRDA:34,8,0,0
BRDA:34,8,1,1
BRDA:61,9,0,4
BRDA:61,9,1,0
BRDA:62,10,0,4
BRDA:62,10,1,0
BRF:20
BRH:12
end_of_record
TN:
SF:src/types/HotelTypes.ts
FNF:0
FNH:0
LF:0
LH:0
BRF:0
BRH:0
end_of_record
TN:
SF:src/utils/cookienizer.ts
FN:12,(anonymous_0)
FN:30,(anonymous_1)
FN:41,(anonymous_2)
FN:55,(anonymous_3)
FNF:4
FNH:3
FNDA:5,(anonymous_0)
FNDA:4,(anonymous_1)
FNDA:0,(anonymous_2)
FNDA:4,(anonymous_3)
DA:4,2
DA:12,2
DA:13,5
DA:21,5
DA:30,2
DA:31,4
DA:33,4
DA:41,2
DA:42,0
DA:47,0
DA:55,2
DA:56,4
DA:57,0
DA:59,0
LF:14
LH:10
BRDA:56,0,0,4
BRDA:56,0,1,0
BRDA:59,1,0,0
BRDA:59,1,1,0
BRF:4
BRH:1
end_of_record
TN:
SF:src/utils/formatter.ts
FN:2,(anonymous_0)
FN:8,(anonymous_1)
FN:9,(anonymous_2)
FNF:3
FNH:0
FNDA:0,(anonymous_0)
FNDA:0,(anonymous_1)
FNDA:0,(anonymous_2)
DA:2,0
DA:4,0
DA:5,0
DA:8,0
DA:9,0
DA:10,0
LF:6
LH:0
BRDA:4,0,0,0
BRDA:4,0,1,0
BRDA:10,1,0,0
BRDA:10,1,1,0
BRDA:10,2,0,0
BRDA:10,2,1,0
BRDA:10,2,2,0
BRF:7
BRH:0
end_of_record
TN:
SF:src/utils/sortify.ts
FN:5,(anonymous_0)
FN:16,(anonymous_1)
FN:17,(anonymous_2)
FN:18,(anonymous_3)
FN:23,(anonymous_4)
FN:26,getComparator
FN:28,(anonymous_6)
FN:28,(anonymous_7)
FNF:8
FNH:0
FNDA:0,(anonymous_0)
FNDA:0,(anonymous_1)
FNDA:0,(anonymous_2)
FNDA:0,(anonymous_3)
FNDA:0,(anonymous_4)
FNDA:0,getComparator
FNDA:0,(anonymous_6)
FNDA:0,(anonymous_7)
DA:5,0
DA:6,0
DA:7,0
DA:9,0
DA:10,0
DA:12,0
DA:16,0
DA:17,0
DA:18,0
DA:19,0
DA:20,0
DA:21,0
DA:23,0
DA:28,0
LF:14
LH:0
BRDA:6,0,0,0
BRDA:6,0,1,0
BRDA:9,1,0,0
BRDA:9,1,1,0
BRDA:20,2,0,0
BRDA:20,2,1,0
BRDA:28,3,0,0
BRDA:28,3,1,0
BRF:8
BRH:0
end_of_record
TN:
SF:src/utils/storage.ts
FN:15,(anonymous_0)
FNF:1
FNH:1
FNDA:1,(anonymous_0)
DA:15,2
DA:18,1
DA:27,1
DA:35,1
DA:36,1
DA:37,1
DA:38,1
DA:39,0
DA:41,1
DA:46,1
DA:48,1
DA:51,1
LF:12
LH:11
BRDA:16,0,0,0
BRDA:16,1,0,0
BRDA:16,2,0,0
BRDA:28,3,0,1
BRDA:28,3,1,0
BRDA:29,4,0,1
BRDA:29,4,1,0
BRDA:30,5,0,1
BRDA:30,5,1,1
BRDA:31,6,0,1
BRDA:31,6,1,1
BRDA:32,7,0,1
BRDA:32,7,1,1
BRDA:33,8,0,1
BRDA:33,8,1,1
BRDA:35,9,0,1
BRDA:35,9,1,0
BRDA:36,10,0,1
BRDA:36,10,1,0
BRDA:37,11,0,1
BRDA:37,11,1,0
BRDA:38,12,0,0
BRDA:38,12,1,1
BRDA:46,13,0,1
BRDA:46,13,1,0
BRF:25
BRH:15
end_of_record
